  [1m[36m (8.9ms)[0m  [1mCREATE TABLE "schema_migrations" ("version" varchar NOT NULL) [0m
  [1m[35m (0.1ms)[0m  select sqlite_version(*)
  [1m[36m (5.4ms)[0m  [1mCREATE UNIQUE INDEX "unique_schema_migrations" ON "schema_migrations" ("version")[0m
  [1m[35mActiveRecord::SchemaMigration Load (0.0ms)[0m  SELECT "schema_migrations".* FROM "schema_migrations"
Migrating to CreateMovies (20150809022253)
  [1m[36m (0.0ms)[0m  [1mbegin transaction[0m
DEPRECATION WARNING: `#timestamps` was called without specifying an option for `null`. In Rails 5, this behavior will change to `null: false`. You should manually specify `null: true` to prevent the behavior of your existing migrations from changing. (called from block in change at /home/devasc/PC3-Desarrollo/db/migrate/20150809022253_create_movies.rb:10)
  [1m[35m (0.2ms)[0m  CREATE TABLE "movies" ("id" INTEGER PRIMARY KEY AUTOINCREMENT NOT NULL, "title" varchar, "rating" varchar, "description" text, "release_date" datetime, "created_at" datetime, "updated_at" datetime) 
  [1m[36mSQL (0.1ms)[0m  [1mINSERT INTO "schema_migrations" ("version") VALUES (?)[0m  [["version", "20150809022253"]]
  [1m[35m (6.7ms)[0m  commit transaction
  [1m[36mActiveRecord::SchemaMigration Load (0.1ms)[0m  [1mSELECT "schema_migrations".* FROM "schema_migrations"[0m
  [1m[36mActiveRecord::SchemaMigration Load (0.0ms)[0m  [1mSELECT "schema_migrations".* FROM "schema_migrations"[0m
  [1m[35m (0.0ms)[0m  begin transaction
  [1m[36mSQL (0.3ms)[0m  [1mINSERT INTO "movies" ("title", "rating", "release_date", "created_at", "updated_at") VALUES (?, ?, ?, ?, ?)[0m  [["title", "Aladdin"], ["rating", "G"], ["release_date", "1992-11-25 00:00:00.000000"], ["created_at", "2023-11-18 06:31:27.924653"], ["updated_at", "2023-11-18 06:31:27.924653"]]
  [1m[35m (5.2ms)[0m  commit transaction
  [1m[36m (0.0ms)[0m  [1mbegin transaction[0m
  [1m[35mSQL (0.1ms)[0m  INSERT INTO "movies" ("title", "rating", "release_date", "created_at", "updated_at") VALUES (?, ?, ?, ?, ?)  [["title", "The Terminator"], ["rating", "R"], ["release_date", "1984-10-26 00:00:00.000000"], ["created_at", "2023-11-18 06:31:27.931386"], ["updated_at", "2023-11-18 06:31:27.931386"]]
  [1m[36m (4.0ms)[0m  [1mcommit transaction[0m
  [1m[35m (0.0ms)[0m  begin transaction
  [1m[36mSQL (0.1ms)[0m  [1mINSERT INTO "movies" ("title", "rating", "release_date", "created_at", "updated_at") VALUES (?, ?, ?, ?, ?)[0m  [["title", "When Harry Met Sally"], ["rating", "R"], ["release_date", "1989-07-21 00:00:00.000000"], ["created_at", "2023-11-18 06:31:27.936558"], ["updated_at", "2023-11-18 06:31:27.936558"]]
  [1m[35m (4.0ms)[0m  commit transaction
  [1m[36m (0.0ms)[0m  [1mbegin transaction[0m
  [1m[35mSQL (0.1ms)[0m  INSERT INTO "movies" ("title", "rating", "release_date", "created_at", "updated_at") VALUES (?, ?, ?, ?, ?)  [["title", "The Help"], ["rating", "PG-13"], ["release_date", "2011-08-10 00:00:00.000000"], ["created_at", "2023-11-18 06:31:27.941597"], ["updated_at", "2023-11-18 06:31:27.941597"]]
  [1m[36m (4.4ms)[0m  [1mcommit transaction[0m
  [1m[35m (0.0ms)[0m  begin transaction
  [1m[36mSQL (0.2ms)[0m  [1mINSERT INTO "movies" ("title", "rating", "release_date", "created_at", "updated_at") VALUES (?, ?, ?, ?, ?)[0m  [["title", "Chocolat"], ["rating", "PG-13"], ["release_date", "2001-01-05 00:00:00.000000"], ["created_at", "2023-11-18 06:31:27.947276"], ["updated_at", "2023-11-18 06:31:27.947276"]]
  [1m[35m (4.1ms)[0m  commit transaction
  [1m[36m (0.0ms)[0m  [1mbegin transaction[0m
  [1m[35mSQL (0.1ms)[0m  INSERT INTO "movies" ("title", "rating", "release_date", "created_at", "updated_at") VALUES (?, ?, ?, ?, ?)  [["title", "Amelie"], ["rating", "R"], ["release_date", "2001-04-25 00:00:00.000000"], ["created_at", "2023-11-18 06:31:27.952639"], ["updated_at", "2023-11-18 06:31:27.952639"]]
  [1m[36m (3.5ms)[0m  [1mcommit transaction[0m
  [1m[35m (0.0ms)[0m  begin transaction
  [1m[36mSQL (0.1ms)[0m  [1mINSERT INTO "movies" ("title", "rating", "release_date", "created_at", "updated_at") VALUES (?, ?, ?, ?, ?)[0m  [["title", "2001: A Space Odyssey"], ["rating", "G"], ["release_date", "1968-04-06 00:00:00.000000"], ["created_at", "2023-11-18 06:31:27.957066"], ["updated_at", "2023-11-18 06:31:27.957066"]]
  [1m[35m (3.7ms)[0m  commit transaction
  [1m[36m (0.0ms)[0m  [1mbegin transaction[0m
  [1m[35mSQL (0.1ms)[0m  INSERT INTO "movies" ("title", "rating", "release_date", "created_at", "updated_at") VALUES (?, ?, ?, ?, ?)  [["title", "The Incredibles"], ["rating", "PG"], ["release_date", "2004-11-05 00:00:00.000000"], ["created_at", "2023-11-18 06:31:27.961717"], ["updated_at", "2023-11-18 06:31:27.961717"]]
  [1m[36m (4.1ms)[0m  [1mcommit transaction[0m
  [1m[35m (0.0ms)[0m  begin transaction
  [1m[36mSQL (0.1ms)[0m  [1mINSERT INTO "movies" ("title", "rating", "release_date", "created_at", "updated_at") VALUES (?, ?, ?, ?, ?)[0m  [["title", "Raiders of the Lost Ark"], ["rating", "PG"], ["release_date", "1981-06-12 00:00:00.000000"], ["created_at", "2023-11-18 06:31:27.966735"], ["updated_at", "2023-11-18 06:31:27.966735"]]
  [1m[35m (3.7ms)[0m  commit transaction
  [1m[36m (0.0ms)[0m  [1mbegin transaction[0m
  [1m[35mSQL (0.1ms)[0m  INSERT INTO "movies" ("title", "rating", "release_date", "created_at", "updated_at") VALUES (?, ?, ?, ?, ?)  [["title", "Chicken Run"], ["rating", "G"], ["release_date", "2000-06-21 00:00:00.000000"], ["created_at", "2023-11-18 06:31:27.971239"], ["updated_at", "2023-11-18 06:31:27.971239"]]
  [1m[36m (4.0ms)[0m  [1mcommit transaction[0m


Started GET "/" for ::1 at 2023-11-18 06:35:13 +0000
  [1m[36mActiveRecord::SchemaMigration Load (0.1ms)[0m  [1mSELECT "schema_migrations".* FROM "schema_migrations"[0m
Processing by MoviesController#index as HTML
  [1m[35mMovie Load (0.2ms)[0m  SELECT "movies".* FROM "movies"
  Rendered movies/index.html.erb within layouts/application (7.2ms)
  Rendered layouts/_flash.erb (0.4ms)
Completed 200 OK in 976ms (Views: 974.6ms | ActiveRecord: 0.4ms)


Started GET "/assets/application.self-e80e8f2318043e8af94dddc2adad5a4f09739a8ebb323b3ab31cd71d45fd9113.css?body=1" for ::1 at 2023-11-18 06:35:14 +0000


Started GET "/assets/jquery.self-bd7ddd393353a8d2480a622e80342adf488fb6006d667e8b42e4c0073393abee.js?body=1" for ::1 at 2023-11-18 06:35:14 +0000


Started GET "/assets/application.self-377610cd7c1509e934744c810e3b4cf672dfbcacac3274e7d039827e2ae0fcc7.js?body=1" for ::1 at 2023-11-18 06:35:14 +0000


Started GET "/assets/jquery_ujs.self-a6375ab2b275439c922ac52b02a475d288976458aa11a6e8103c925ef2961f66.js?body=1" for ::1 at 2023-11-18 06:35:14 +0000


Started GET "/" for ::1 at 2023-11-18 07:00:20 +0000
  [1m[36mActiveRecord::SchemaMigration Load (0.3ms)[0m  [1mSELECT "schema_migrations".* FROM "schema_migrations"[0m
Processing by MoviesController#index as HTML
  Rendered movies/index.html.erb within layouts/application (0.6ms)
Completed 500 Internal Server Error in 16ms (ActiveRecord: 0.0ms)

SyntaxError (/home/devasc/PC3-Desarrollo/app/views/movies/index.html.erb:15: syntax error, unexpected ( arg, expecting ')'
...", @ratings_to_show. Include? (rating), class: 'form-check-i...
...                              ^
/home/devasc/PC3-Desarrollo/app/views/movies/index.html.erb:15: syntax error, unexpected ',', expecting ')'
...ngs_to_show. Include? (rating), class: 'form-check-input' );...
...                              ^):
  app/views/movies/index.html.erb:15: syntax error, unexpected ( arg, expecting ')'
  app/views/movies/index.html.erb:15: syntax error, unexpected ',', expecting ')'


  Rendered /usr/share/rvm/gems/ruby-2.6.6/gems/actionpack-4.2.11/lib/action_dispatch/middleware/templates/rescues/_source.erb (13.2ms)
  Rendered /usr/share/rvm/gems/ruby-2.6.6/gems/actionpack-4.2.11/lib/action_dispatch/middleware/templates/rescues/_trace.html.erb (2.4ms)
  Rendered /usr/share/rvm/gems/ruby-2.6.6/gems/actionpack-4.2.11/lib/action_dispatch/middleware/templates/rescues/_request_and_response.html.erb (33.1ms)
  Rendered /usr/share/rvm/gems/ruby-2.6.6/gems/actionpack-4.2.11/lib/action_dispatch/middleware/templates/rescues/diagnostics.html.erb within rescues/layout (74.2ms)
  Rendered /usr/share/rvm/gems/ruby-2.6.6/gems/web-console-2.3.0/lib/web_console/templates/_markup.html.erb (14.2ms)
  Rendered /usr/share/rvm/gems/ruby-2.6.6/gems/web-console-2.3.0/lib/web_console/templates/_inner_console_markup.html.erb within layouts/inlined_string (0.8ms)
  Rendered /usr/share/rvm/gems/ruby-2.6.6/gems/web-console-2.3.0/lib/web_console/templates/_prompt_box_markup.html.erb within layouts/inlined_string (2.9ms)
  Rendered /usr/share/rvm/gems/ruby-2.6.6/gems/web-console-2.3.0/lib/web_console/templates/style.css.erb within layouts/inlined_string (0.3ms)
  Rendered /usr/share/rvm/gems/ruby-2.6.6/gems/web-console-2.3.0/lib/web_console/templates/console.js.erb within layouts/javascript (46.5ms)
  Rendered /usr/share/rvm/gems/ruby-2.6.6/gems/web-console-2.3.0/lib/web_console/templates/main.js.erb within layouts/javascript (0.3ms)
  Rendered /usr/share/rvm/gems/ruby-2.6.6/gems/web-console-2.3.0/lib/web_console/templates/error_page.js.erb within layouts/javascript (0.4ms)
  Rendered /usr/share/rvm/gems/ruby-2.6.6/gems/web-console-2.3.0/lib/web_console/templates/index.html.erb (114.6ms)


Started GET "/" for ::1 at 2023-11-18 07:05:38 +0000
  [1m[36mActiveRecord::SchemaMigration Load (0.0ms)[0m  [1mSELECT "schema_migrations".* FROM "schema_migrations"[0m
Processing by MoviesController#index as HTML
Completed 500 Internal Server Error in 10ms (ActiveRecord: 0.0ms)

NoMethodError (undefined method `all_ratings' for #<Class:0x000055cb640212e8>):
  app/controllers/movies_controller.rb:10:in `index'


  Rendered /usr/share/rvm/gems/ruby-2.6.6/gems/actionpack-4.2.11/lib/action_dispatch/middleware/templates/rescues/_source.erb (2.8ms)
  Rendered /usr/share/rvm/gems/ruby-2.6.6/gems/actionpack-4.2.11/lib/action_dispatch/middleware/templates/rescues/_trace.html.erb (2.3ms)
  Rendered /usr/share/rvm/gems/ruby-2.6.6/gems/actionpack-4.2.11/lib/action_dispatch/middleware/templates/rescues/_request_and_response.html.erb (7.3ms)
  Rendered /usr/share/rvm/gems/ruby-2.6.6/gems/actionpack-4.2.11/lib/action_dispatch/middleware/templates/rescues/diagnostics.html.erb within rescues/layout (25.5ms)
  Rendered /usr/share/rvm/gems/ruby-2.6.6/gems/web-console-2.3.0/lib/web_console/templates/_markup.html.erb (0.3ms)
  Rendered /usr/share/rvm/gems/ruby-2.6.6/gems/web-console-2.3.0/lib/web_console/templates/_inner_console_markup.html.erb within layouts/inlined_string (0.3ms)
  Rendered /usr/share/rvm/gems/ruby-2.6.6/gems/web-console-2.3.0/lib/web_console/templates/_prompt_box_markup.html.erb within layouts/inlined_string (0.3ms)
  Rendered /usr/share/rvm/gems/ruby-2.6.6/gems/web-console-2.3.0/lib/web_console/templates/style.css.erb within layouts/inlined_string (0.3ms)
  Rendered /usr/share/rvm/gems/ruby-2.6.6/gems/web-console-2.3.0/lib/web_console/templates/console.js.erb within layouts/javascript (16.8ms)
  Rendered /usr/share/rvm/gems/ruby-2.6.6/gems/web-console-2.3.0/lib/web_console/templates/main.js.erb within layouts/javascript (0.3ms)
  Rendered /usr/share/rvm/gems/ruby-2.6.6/gems/web-console-2.3.0/lib/web_console/templates/error_page.js.erb within layouts/javascript (0.3ms)
  Rendered /usr/share/rvm/gems/ruby-2.6.6/gems/web-console-2.3.0/lib/web_console/templates/index.html.erb (32.2ms)


Started GET "/" for ::1 at 2023-11-18 07:06:58 +0000
  [1m[36mActiveRecord::SchemaMigration Load (0.1ms)[0m  [1mSELECT "schema_migrations".* FROM "schema_migrations"[0m
Processing by MoviesController#index as HTML
Completed 500 Internal Server Error in 14ms (ActiveRecord: 0.0ms)

NoMethodError (undefined method `all_ratings' for #<Class:0x0000564f732f7128>):
  app/controllers/movies_controller.rb:10:in `index'


  Rendered /usr/share/rvm/gems/ruby-2.6.6/gems/actionpack-4.2.11/lib/action_dispatch/middleware/templates/rescues/_source.erb (3.2ms)
  Rendered /usr/share/rvm/gems/ruby-2.6.6/gems/actionpack-4.2.11/lib/action_dispatch/middleware/templates/rescues/_trace.html.erb (1.1ms)
  Rendered /usr/share/rvm/gems/ruby-2.6.6/gems/actionpack-4.2.11/lib/action_dispatch/middleware/templates/rescues/_request_and_response.html.erb (15.1ms)
  Rendered /usr/share/rvm/gems/ruby-2.6.6/gems/actionpack-4.2.11/lib/action_dispatch/middleware/templates/rescues/diagnostics.html.erb within rescues/layout (29.9ms)
  Rendered /usr/share/rvm/gems/ruby-2.6.6/gems/web-console-2.3.0/lib/web_console/templates/_markup.html.erb (0.3ms)
  Rendered /usr/share/rvm/gems/ruby-2.6.6/gems/web-console-2.3.0/lib/web_console/templates/_inner_console_markup.html.erb within layouts/inlined_string (0.3ms)
  Rendered /usr/share/rvm/gems/ruby-2.6.6/gems/web-console-2.3.0/lib/web_console/templates/_prompt_box_markup.html.erb within layouts/inlined_string (0.2ms)
  Rendered /usr/share/rvm/gems/ruby-2.6.6/gems/web-console-2.3.0/lib/web_console/templates/style.css.erb within layouts/inlined_string (0.6ms)
  Rendered /usr/share/rvm/gems/ruby-2.6.6/gems/web-console-2.3.0/lib/web_console/templates/console.js.erb within layouts/javascript (17.2ms)
  Rendered /usr/share/rvm/gems/ruby-2.6.6/gems/web-console-2.3.0/lib/web_console/templates/main.js.erb within layouts/javascript (0.4ms)
  Rendered /usr/share/rvm/gems/ruby-2.6.6/gems/web-console-2.3.0/lib/web_console/templates/error_page.js.erb within layouts/javascript (1.9ms)
  Rendered /usr/share/rvm/gems/ruby-2.6.6/gems/web-console-2.3.0/lib/web_console/templates/index.html.erb (38.3ms)


Started GET "/" for ::1 at 2023-11-18 07:07:49 +0000
  [1m[36mActiveRecord::SchemaMigration Load (0.2ms)[0m  [1mSELECT "schema_migrations".* FROM "schema_migrations"[0m
Processing by MoviesController#index as HTML
  Rendered movies/index.html.erb within layouts/application (0.8ms)
Completed 500 Internal Server Error in 9ms (ActiveRecord: 0.0ms)

SyntaxError (/home/devasc/PC3-Desarrollo/app/views/movies/index.html.erb:15: syntax error, unexpected ( arg, expecting ')'
...", @ratings_to_show. Include? (rating), class: 'form-check-i...
...                              ^
/home/devasc/PC3-Desarrollo/app/views/movies/index.html.erb:15: syntax error, unexpected ',', expecting ')'
...ngs_to_show. Include? (rating), class: 'form-check-input' );...
...                              ^):
  app/views/movies/index.html.erb:15: syntax error, unexpected ( arg, expecting ')'
  app/views/movies/index.html.erb:15: syntax error, unexpected ',', expecting ')'


  Rendered /usr/share/rvm/gems/ruby-2.6.6/gems/actionpack-4.2.11/lib/action_dispatch/middleware/templates/rescues/_source.erb (2.6ms)
  Rendered /usr/share/rvm/gems/ruby-2.6.6/gems/actionpack-4.2.11/lib/action_dispatch/middleware/templates/rescues/_trace.html.erb (1.6ms)
  Rendered /usr/share/rvm/gems/ruby-2.6.6/gems/actionpack-4.2.11/lib/action_dispatch/middleware/templates/rescues/_request_and_response.html.erb (3.9ms)
  Rendered /usr/share/rvm/gems/ruby-2.6.6/gems/actionpack-4.2.11/lib/action_dispatch/middleware/templates/rescues/diagnostics.html.erb within rescues/layout (12.4ms)
  Rendered /usr/share/rvm/gems/ruby-2.6.6/gems/web-console-2.3.0/lib/web_console/templates/_markup.html.erb (0.2ms)
  Rendered /usr/share/rvm/gems/ruby-2.6.6/gems/web-console-2.3.0/lib/web_console/templates/_inner_console_markup.html.erb within layouts/inlined_string (0.1ms)
  Rendered /usr/share/rvm/gems/ruby-2.6.6/gems/web-console-2.3.0/lib/web_console/templates/_prompt_box_markup.html.erb within layouts/inlined_string (0.2ms)
  Rendered /usr/share/rvm/gems/ruby-2.6.6/gems/web-console-2.3.0/lib/web_console/templates/style.css.erb within layouts/inlined_string (0.2ms)
  Rendered /usr/share/rvm/gems/ruby-2.6.6/gems/web-console-2.3.0/lib/web_console/templates/console.js.erb within layouts/javascript (18.7ms)
  Rendered /usr/share/rvm/gems/ruby-2.6.6/gems/web-console-2.3.0/lib/web_console/templates/main.js.erb within layouts/javascript (0.2ms)
  Rendered /usr/share/rvm/gems/ruby-2.6.6/gems/web-console-2.3.0/lib/web_console/templates/error_page.js.erb within layouts/javascript (0.3ms)
  Rendered /usr/share/rvm/gems/ruby-2.6.6/gems/web-console-2.3.0/lib/web_console/templates/index.html.erb (25.6ms)


Started GET "/" for ::1 at 2023-11-18 07:09:54 +0000
  [1m[36mActiveRecord::SchemaMigration Load (0.1ms)[0m  [1mSELECT "schema_migrations".* FROM "schema_migrations"[0m
Processing by MoviesController#index as HTML
  Rendered movies/index.html.erb within layouts/application (0.5ms)
  Rendered layouts/_flash.erb (0.4ms)
Completed 200 OK in 229ms (Views: 228.0ms | ActiveRecord: 0.0ms)


Started GET "/assets/application.self-e80e8f2318043e8af94dddc2adad5a4f09739a8ebb323b3ab31cd71d45fd9113.css?body=1" for ::1 at 2023-11-18 07:09:54 +0000


Started GET "/assets/application.self-377610cd7c1509e934744c810e3b4cf672dfbcacac3274e7d039827e2ae0fcc7.js?body=1" for ::1 at 2023-11-18 07:09:54 +0000


Started GET "/assets/jquery_ujs.self-a6375ab2b275439c922ac52b02a475d288976458aa11a6e8103c925ef2961f66.js?body=1" for ::1 at 2023-11-18 07:09:54 +0000


Started GET "/assets/jquery.self-bd7ddd393353a8d2480a622e80342adf488fb6006d667e8b42e4c0073393abee.js?body=1" for ::1 at 2023-11-18 07:09:54 +0000


Started GET "/" for ::1 at 2023-11-18 07:11:11 +0000
Processing by MoviesController#index as HTML
  Rendered movies/index.html.erb within layouts/application (1.4ms)
Completed 500 Internal Server Error in 3ms (ActiveRecord: 0.0ms)

SyntaxError (/home/devasc/PC3-Desarrollo/app/views/movies/index.html.erb:14: syntax error, unexpected ( arg, expecting ')'
...", @ratings_to_show. Include? (rating), class: 'form-check-i...
...                              ^
/home/devasc/PC3-Desarrollo/app/views/movies/index.html.erb:14: syntax error, unexpected ',', expecting ')'
...ngs_to_show. Include? (rating), class: 'form-check-input' );...
...                              ^):
  app/views/movies/index.html.erb:14: syntax error, unexpected ( arg, expecting ')'
  app/views/movies/index.html.erb:14: syntax error, unexpected ',', expecting ')'


  Rendered /usr/share/rvm/gems/ruby-2.6.6/gems/actionpack-4.2.11/lib/action_dispatch/middleware/templates/rescues/_source.erb (3.1ms)
  Rendered /usr/share/rvm/gems/ruby-2.6.6/gems/actionpack-4.2.11/lib/action_dispatch/middleware/templates/rescues/_trace.html.erb (2.0ms)
  Rendered /usr/share/rvm/gems/ruby-2.6.6/gems/actionpack-4.2.11/lib/action_dispatch/middleware/templates/rescues/_request_and_response.html.erb (0.8ms)
  Rendered /usr/share/rvm/gems/ruby-2.6.6/gems/actionpack-4.2.11/lib/action_dispatch/middleware/templates/rescues/diagnostics.html.erb within rescues/layout (10.9ms)
  Rendered /usr/share/rvm/gems/ruby-2.6.6/gems/web-console-2.3.0/lib/web_console/templates/_markup.html.erb (0.2ms)
  Rendered /usr/share/rvm/gems/ruby-2.6.6/gems/web-console-2.3.0/lib/web_console/templates/_inner_console_markup.html.erb within layouts/inlined_string (0.2ms)
  Rendered /usr/share/rvm/gems/ruby-2.6.6/gems/web-console-2.3.0/lib/web_console/templates/_prompt_box_markup.html.erb within layouts/inlined_string (0.2ms)
  Rendered /usr/share/rvm/gems/ruby-2.6.6/gems/web-console-2.3.0/lib/web_console/templates/style.css.erb within layouts/inlined_string (0.2ms)
  Rendered /usr/share/rvm/gems/ruby-2.6.6/gems/web-console-2.3.0/lib/web_console/templates/console.js.erb within layouts/javascript (7.1ms)
  Rendered /usr/share/rvm/gems/ruby-2.6.6/gems/web-console-2.3.0/lib/web_console/templates/main.js.erb within layouts/javascript (0.2ms)
  Rendered /usr/share/rvm/gems/ruby-2.6.6/gems/web-console-2.3.0/lib/web_console/templates/error_page.js.erb within layouts/javascript (0.2ms)
  Rendered /usr/share/rvm/gems/ruby-2.6.6/gems/web-console-2.3.0/lib/web_console/templates/index.html.erb (13.2ms)


Started GET "/" for ::1 at 2023-11-18 07:11:40 +0000
Processing by MoviesController#index as HTML
  Rendered movies/index.html.erb within layouts/application (1.5ms)
Completed 500 Internal Server Error in 2ms (ActiveRecord: 0.0ms)

ActionView::Template::Error (undefined method `include?' for nil:NilClass):
    11:   
    12:   <%= label_tag "ratings[#{rating}]", rating, class: 'form-check-label' %>
    13:   
    14:   <%= check_box_tag "ratings[#{rating}]", "1", @ratings_to_show.include?(rating), class: 'form-check-input' %>
    15:   
    16:   </div> <% end %> <%= submit_tag 'Refresh', id: 'ratings_submit', class: 'btn btn-primary' %>
    17:   
  app/views/movies/index.html.erb:14:in `block (2 levels) in _app_views_movies_index_html_erb___2740962539368354481_69852920172360'
  app/views/movies/index.html.erb:8:in `each'
  app/views/movies/index.html.erb:8:in `block in _app_views_movies_index_html_erb___2740962539368354481_69852920172360'
  app/views/movies/index.html.erb:4:in `_app_views_movies_index_html_erb___2740962539368354481_69852920172360'


  Rendered /usr/share/rvm/gems/ruby-2.6.6/gems/actionpack-4.2.11/lib/action_dispatch/middleware/templates/rescues/_source.erb (2.3ms)
  Rendered /usr/share/rvm/gems/ruby-2.6.6/gems/actionpack-4.2.11/lib/action_dispatch/middleware/templates/rescues/_trace.html.erb (1.2ms)
  Rendered /usr/share/rvm/gems/ruby-2.6.6/gems/actionpack-4.2.11/lib/action_dispatch/middleware/templates/rescues/_request_and_response.html.erb (0.8ms)
  Rendered /usr/share/rvm/gems/ruby-2.6.6/gems/actionpack-4.2.11/lib/action_dispatch/middleware/templates/rescues/template_error.html.erb within rescues/layout (12.6ms)
  Rendered /usr/share/rvm/gems/ruby-2.6.6/gems/web-console-2.3.0/lib/web_console/templates/_markup.html.erb (0.2ms)
  Rendered /usr/share/rvm/gems/ruby-2.6.6/gems/web-console-2.3.0/lib/web_console/templates/_inner_console_markup.html.erb within layouts/inlined_string (0.2ms)
  Rendered /usr/share/rvm/gems/ruby-2.6.6/gems/web-console-2.3.0/lib/web_console/templates/_prompt_box_markup.html.erb within layouts/inlined_string (0.2ms)
  Rendered /usr/share/rvm/gems/ruby-2.6.6/gems/web-console-2.3.0/lib/web_console/templates/style.css.erb within layouts/inlined_string (0.3ms)
  Rendered /usr/share/rvm/gems/ruby-2.6.6/gems/web-console-2.3.0/lib/web_console/templates/console.js.erb within layouts/javascript (9.1ms)
  Rendered /usr/share/rvm/gems/ruby-2.6.6/gems/web-console-2.3.0/lib/web_console/templates/main.js.erb within layouts/javascript (0.1ms)
  Rendered /usr/share/rvm/gems/ruby-2.6.6/gems/web-console-2.3.0/lib/web_console/templates/error_page.js.erb within layouts/javascript (0.1ms)
  Rendered /usr/share/rvm/gems/ruby-2.6.6/gems/web-console-2.3.0/lib/web_console/templates/index.html.erb (17.2ms)


Started GET "/" for ::1 at 2023-11-18 07:14:01 +0000
  [1m[36mActiveRecord::SchemaMigration Load (0.1ms)[0m  [1mSELECT "schema_migrations".* FROM "schema_migrations"[0m
Processing by MoviesController#index as HTML
Completed 500 Internal Server Error in 12ms (ActiveRecord: 0.0ms)

NoMethodError (undefined method `with_ratings' for #<Class:0x000055e70ef12638>
Did you mean?  with_warnings):
  app/controllers/movies_controller.rb:13:in `index'


  Rendered /usr/share/rvm/gems/ruby-2.6.6/gems/actionpack-4.2.11/lib/action_dispatch/middleware/templates/rescues/_source.erb (3.2ms)
  Rendered /usr/share/rvm/gems/ruby-2.6.6/gems/actionpack-4.2.11/lib/action_dispatch/middleware/templates/rescues/_trace.html.erb (2.8ms)
  Rendered /usr/share/rvm/gems/ruby-2.6.6/gems/actionpack-4.2.11/lib/action_dispatch/middleware/templates/rescues/_request_and_response.html.erb (7.9ms)
  Rendered /usr/share/rvm/gems/ruby-2.6.6/gems/actionpack-4.2.11/lib/action_dispatch/middleware/templates/rescues/diagnostics.html.erb within rescues/layout (29.3ms)
  Rendered /usr/share/rvm/gems/ruby-2.6.6/gems/web-console-2.3.0/lib/web_console/templates/_markup.html.erb (0.5ms)
  Rendered /usr/share/rvm/gems/ruby-2.6.6/gems/web-console-2.3.0/lib/web_console/templates/_inner_console_markup.html.erb within layouts/inlined_string (0.9ms)
  Rendered /usr/share/rvm/gems/ruby-2.6.6/gems/web-console-2.3.0/lib/web_console/templates/_prompt_box_markup.html.erb within layouts/inlined_string (0.3ms)
  Rendered /usr/share/rvm/gems/ruby-2.6.6/gems/web-console-2.3.0/lib/web_console/templates/style.css.erb within layouts/inlined_string (0.3ms)
  Rendered /usr/share/rvm/gems/ruby-2.6.6/gems/web-console-2.3.0/lib/web_console/templates/console.js.erb within layouts/javascript (19.4ms)
  Rendered /usr/share/rvm/gems/ruby-2.6.6/gems/web-console-2.3.0/lib/web_console/templates/main.js.erb within layouts/javascript (0.7ms)
  Rendered /usr/share/rvm/gems/ruby-2.6.6/gems/web-console-2.3.0/lib/web_console/templates/error_page.js.erb within layouts/javascript (2.5ms)
  Rendered /usr/share/rvm/gems/ruby-2.6.6/gems/web-console-2.3.0/lib/web_console/templates/index.html.erb (47.2ms)


Started GET "/" for ::1 at 2023-11-18 07:16:07 +0000
  [1m[36mActiveRecord::SchemaMigration Load (0.0ms)[0m  [1mSELECT "schema_migrations".* FROM "schema_migrations"[0m
Processing by MoviesController#index as HTML
Completed 500 Internal Server Error in 1ms (ActiveRecord: 0.0ms)

NoMethodError (undefined method `keys' for nil:NilClass):
  app/controllers/movies_controller.rb:11:in `index'


  Rendered /usr/share/rvm/gems/ruby-2.6.6/gems/actionpack-4.2.11/lib/action_dispatch/middleware/templates/rescues/_source.erb (2.1ms)
  Rendered /usr/share/rvm/gems/ruby-2.6.6/gems/actionpack-4.2.11/lib/action_dispatch/middleware/templates/rescues/_trace.html.erb (0.9ms)
  Rendered /usr/share/rvm/gems/ruby-2.6.6/gems/actionpack-4.2.11/lib/action_dispatch/middleware/templates/rescues/_request_and_response.html.erb (3.6ms)
  Rendered /usr/share/rvm/gems/ruby-2.6.6/gems/actionpack-4.2.11/lib/action_dispatch/middleware/templates/rescues/diagnostics.html.erb within rescues/layout (10.7ms)
  Rendered /usr/share/rvm/gems/ruby-2.6.6/gems/web-console-2.3.0/lib/web_console/templates/_markup.html.erb (0.2ms)
  Rendered /usr/share/rvm/gems/ruby-2.6.6/gems/web-console-2.3.0/lib/web_console/templates/_inner_console_markup.html.erb within layouts/inlined_string (0.2ms)
  Rendered /usr/share/rvm/gems/ruby-2.6.6/gems/web-console-2.3.0/lib/web_console/templates/_prompt_box_markup.html.erb within layouts/inlined_string (0.2ms)
  Rendered /usr/share/rvm/gems/ruby-2.6.6/gems/web-console-2.3.0/lib/web_console/templates/style.css.erb within layouts/inlined_string (0.3ms)
  Rendered /usr/share/rvm/gems/ruby-2.6.6/gems/web-console-2.3.0/lib/web_console/templates/console.js.erb within layouts/javascript (7.1ms)
  Rendered /usr/share/rvm/gems/ruby-2.6.6/gems/web-console-2.3.0/lib/web_console/templates/main.js.erb within layouts/javascript (0.1ms)
  Rendered /usr/share/rvm/gems/ruby-2.6.6/gems/web-console-2.3.0/lib/web_console/templates/error_page.js.erb within layouts/javascript (0.2ms)
  Rendered /usr/share/rvm/gems/ruby-2.6.6/gems/web-console-2.3.0/lib/web_console/templates/index.html.erb (13.7ms)


Started GET "/" for ::1 at 2023-11-18 07:16:32 +0000
  [1m[36mActiveRecord::SchemaMigration Load (0.0ms)[0m  [1mSELECT "schema_migrations".* FROM "schema_migrations"[0m
Processing by MoviesController#index as HTML
Completed 500 Internal Server Error in 3ms (ActiveRecord: 0.0ms)

NoMethodError (undefined method `All' for #<Class:0x0000564657a86940>):
  app/controllers/movies_controller.rb:13:in `index'


  Rendered /usr/share/rvm/gems/ruby-2.6.6/gems/actionpack-4.2.11/lib/action_dispatch/middleware/templates/rescues/_source.erb (1.9ms)
  Rendered /usr/share/rvm/gems/ruby-2.6.6/gems/actionpack-4.2.11/lib/action_dispatch/middleware/templates/rescues/_trace.html.erb (1.5ms)
  Rendered /usr/share/rvm/gems/ruby-2.6.6/gems/actionpack-4.2.11/lib/action_dispatch/middleware/templates/rescues/_request_and_response.html.erb (3.4ms)
  Rendered /usr/share/rvm/gems/ruby-2.6.6/gems/actionpack-4.2.11/lib/action_dispatch/middleware/templates/rescues/diagnostics.html.erb within rescues/layout (14.0ms)
  Rendered /usr/share/rvm/gems/ruby-2.6.6/gems/web-console-2.3.0/lib/web_console/templates/_markup.html.erb (0.2ms)
  Rendered /usr/share/rvm/gems/ruby-2.6.6/gems/web-console-2.3.0/lib/web_console/templates/_inner_console_markup.html.erb within layouts/inlined_string (0.2ms)
  Rendered /usr/share/rvm/gems/ruby-2.6.6/gems/web-console-2.3.0/lib/web_console/templates/_prompt_box_markup.html.erb within layouts/inlined_string (0.1ms)
  Rendered /usr/share/rvm/gems/ruby-2.6.6/gems/web-console-2.3.0/lib/web_console/templates/style.css.erb within layouts/inlined_string (0.2ms)
  Rendered /usr/share/rvm/gems/ruby-2.6.6/gems/web-console-2.3.0/lib/web_console/templates/console.js.erb within layouts/javascript (7.0ms)
  Rendered /usr/share/rvm/gems/ruby-2.6.6/gems/web-console-2.3.0/lib/web_console/templates/main.js.erb within layouts/javascript (0.6ms)
  Rendered /usr/share/rvm/gems/ruby-2.6.6/gems/web-console-2.3.0/lib/web_console/templates/error_page.js.erb within layouts/javascript (0.2ms)
  Rendered /usr/share/rvm/gems/ruby-2.6.6/gems/web-console-2.3.0/lib/web_console/templates/index.html.erb (15.9ms)


Started GET "/" for ::1 at 2023-11-18 07:16:42 +0000
  [1m[36mActiveRecord::SchemaMigration Load (0.0ms)[0m  [1mSELECT "schema_migrations".* FROM "schema_migrations"[0m
Processing by MoviesController#index as HTML
  [1m[35mMovie Load (0.3ms)[0m  SELECT "movies".* FROM "movies"
  Rendered movies/index.html.erb within layouts/application (4.4ms)
  Rendered layouts/_flash.erb (0.9ms)
Completed 200 OK in 183ms (Views: 181.7ms | ActiveRecord: 0.5ms)


Started GET "/assets/application.self-e80e8f2318043e8af94dddc2adad5a4f09739a8ebb323b3ab31cd71d45fd9113.css?body=1" for ::1 at 2023-11-18 07:16:42 +0000


Started GET "/assets/jquery.self-bd7ddd393353a8d2480a622e80342adf488fb6006d667e8b42e4c0073393abee.js?body=1" for ::1 at 2023-11-18 07:16:42 +0000


Started GET "/assets/jquery_ujs.self-a6375ab2b275439c922ac52b02a475d288976458aa11a6e8103c925ef2961f66.js?body=1" for ::1 at 2023-11-18 07:16:43 +0000


Started GET "/assets/application.self-377610cd7c1509e934744c810e3b4cf672dfbcacac3274e7d039827e2ae0fcc7.js?body=1" for ::1 at 2023-11-18 07:16:43 +0000


Started GET "/" for ::1 at 2023-11-18 07:16:47 +0000
Processing by MoviesController#index as HTML
  [1m[36mMovie Load (0.1ms)[0m  [1mSELECT "movies".* FROM "movies"[0m
  Rendered movies/index.html.erb within layouts/application (1.4ms)
  Rendered layouts/_flash.erb (0.1ms)
Completed 200 OK in 7ms (Views: 7.0ms | ActiveRecord: 0.1ms)


Started GET "/assets/application.self-e80e8f2318043e8af94dddc2adad5a4f09739a8ebb323b3ab31cd71d45fd9113.css?body=1" for ::1 at 2023-11-18 07:16:47 +0000


Started GET "/assets/jquery.self-bd7ddd393353a8d2480a622e80342adf488fb6006d667e8b42e4c0073393abee.js?body=1" for ::1 at 2023-11-18 07:16:47 +0000


Started GET "/assets/jquery_ujs.self-a6375ab2b275439c922ac52b02a475d288976458aa11a6e8103c925ef2961f66.js?body=1" for ::1 at 2023-11-18 07:16:47 +0000


Started GET "/assets/application.self-377610cd7c1509e934744c810e3b4cf672dfbcacac3274e7d039827e2ae0fcc7.js?body=1" for ::1 at 2023-11-18 07:16:47 +0000


Started GET "/movies?utf8=%E2%9C%93&ratings%5BG%5D=1&ratings%5BPG%5D=1&ratings%5BPG-13%5D=1&ratings%5BR%5D=1&commit=Refresh" for ::1 at 2023-11-18 07:16:49 +0000
Processing by MoviesController#index as HTML
  Parameters: {"utf8"=>"✓", "ratings"=>{"G"=>"1", "PG"=>"1", "PG-13"=>"1", "R"=>"1"}, "commit"=>"Refresh"}
  [1m[35mMovie Load (0.1ms)[0m  SELECT "movies".* FROM "movies"
  Rendered movies/index.html.erb within layouts/application (1.5ms)
  Rendered layouts/_flash.erb (0.1ms)
Completed 200 OK in 18ms (Views: 18.1ms | ActiveRecord: 0.1ms)


Started GET "/movies?utf8=%E2%9C%93&ratings%5BG%5D=1&ratings%5BPG%5D=1&ratings%5BPG-13%5D=1&ratings%5BR%5D=1&commit=Refresh" for ::1 at 2023-11-18 07:16:51 +0000
Processing by MoviesController#index as HTML
  Parameters: {"utf8"=>"✓", "ratings"=>{"G"=>"1", "PG"=>"1", "PG-13"=>"1", "R"=>"1"}, "commit"=>"Refresh"}
  [1m[36mMovie Load (0.2ms)[0m  [1mSELECT "movies".* FROM "movies"[0m
  Rendered movies/index.html.erb within layouts/application (3.4ms)
  Rendered layouts/_flash.erb (0.0ms)
Completed 200 OK in 8ms (Views: 7.5ms | ActiveRecord: 0.2ms)


Started GET "/movies?utf8=%E2%9C%93&ratings%5BG%5D=1&commit=Refresh" for ::1 at 2023-11-18 07:16:54 +0000
Processing by MoviesController#index as HTML
  Parameters: {"utf8"=>"✓", "ratings"=>{"G"=>"1"}, "commit"=>"Refresh"}
  [1m[35mMovie Load (0.1ms)[0m  SELECT "movies".* FROM "movies"
  Rendered movies/index.html.erb within layouts/application (1.3ms)
  Rendered layouts/_flash.erb (0.1ms)
Completed 200 OK in 10ms (Views: 9.7ms | ActiveRecord: 0.1ms)


Started GET "/movies?utf8=%E2%9C%93&ratings%5BG%5D=1&commit=Refresh" for ::1 at 2023-11-18 07:16:55 +0000
Processing by MoviesController#index as HTML
  Parameters: {"utf8"=>"✓", "ratings"=>{"G"=>"1"}, "commit"=>"Refresh"}
  [1m[36mMovie Load (0.1ms)[0m  [1mSELECT "movies".* FROM "movies"[0m
  Rendered movies/index.html.erb within layouts/application (1.6ms)
  Rendered layouts/_flash.erb (0.2ms)
Completed 200 OK in 23ms (Views: 22.0ms | ActiveRecord: 0.1ms)


Started GET "/movies?utf8=%E2%9C%93&ratings%5BG%5D=1&commit=Refresh" for ::1 at 2023-11-18 07:16:56 +0000
Processing by MoviesController#index as HTML
  Parameters: {"utf8"=>"✓", "ratings"=>{"G"=>"1"}, "commit"=>"Refresh"}
  [1m[35mMovie Load (0.1ms)[0m  SELECT "movies".* FROM "movies"
  Rendered movies/index.html.erb within layouts/application (9.4ms)
  Rendered layouts/_flash.erb (0.1ms)
Completed 200 OK in 19ms (Views: 18.2ms | ActiveRecord: 0.1ms)


Started GET "/movies?utf8=%E2%9C%93&ratings%5BG%5D=1&commit=Refresh" for ::1 at 2023-11-18 07:16:56 +0000
Processing by MoviesController#index as HTML
  Parameters: {"utf8"=>"✓", "ratings"=>{"G"=>"1"}, "commit"=>"Refresh"}
  [1m[36mMovie Load (0.1ms)[0m  [1mSELECT "movies".* FROM "movies"[0m
  Rendered movies/index.html.erb within layouts/application (1.3ms)
  Rendered layouts/_flash.erb (0.1ms)
Completed 200 OK in 15ms (Views: 14.6ms | ActiveRecord: 0.1ms)


Started GET "/movies?utf8=%E2%9C%93&ratings%5BG%5D=1&commit=Refresh" for ::1 at 2023-11-18 07:16:56 +0000
Processing by MoviesController#index as HTML
  Parameters: {"utf8"=>"✓", "ratings"=>{"G"=>"1"}, "commit"=>"Refresh"}
  [1m[35mMovie Load (10.6ms)[0m  SELECT "movies".* FROM "movies"
  Rendered movies/index.html.erb within layouts/application (22.9ms)
  Rendered layouts/_flash.erb (0.1ms)
Completed 200 OK in 51ms (Views: 39.4ms | ActiveRecord: 10.6ms)


Started GET "/movies?utf8=%E2%9C%93&ratings%5BG%5D=1&commit=Refresh" for ::1 at 2023-11-18 07:21:20 +0000
  [1m[36mActiveRecord::SchemaMigration Load (0.0ms)[0m  [1mSELECT "schema_migrations".* FROM "schema_migrations"[0m
Processing by MoviesController#index as HTML
  Parameters: {"utf8"=>"✓", "ratings"=>{"G"=>"1"}, "commit"=>"Refresh"}
  [1m[35mMovie Load (0.0ms)[0m  SELECT "movies".* FROM "movies" WHERE "movies"."rating" = 'G'
  Rendered movies/index.html.erb within layouts/application (4.8ms)
  Rendered layouts/_flash.erb (1.1ms)
Completed 200 OK in 275ms (Views: 269.8ms | ActiveRecord: 0.6ms)


Started GET "/assets/application.self-e80e8f2318043e8af94dddc2adad5a4f09739a8ebb323b3ab31cd71d45fd9113.css?body=1" for ::1 at 2023-11-18 07:21:20 +0000


Started GET "/assets/jquery.self-bd7ddd393353a8d2480a622e80342adf488fb6006d667e8b42e4c0073393abee.js?body=1" for ::1 at 2023-11-18 07:21:20 +0000


Started GET "/assets/application.self-377610cd7c1509e934744c810e3b4cf672dfbcacac3274e7d039827e2ae0fcc7.js?body=1" for ::1 at 2023-11-18 07:21:20 +0000


Started GET "/assets/jquery_ujs.self-a6375ab2b275439c922ac52b02a475d288976458aa11a6e8103c925ef2961f66.js?body=1" for ::1 at 2023-11-18 07:21:20 +0000


Started GET "/movies?utf8=%E2%9C%93&ratings%5BG%5D=1&commit=Refresh" for ::1 at 2023-11-18 07:21:26 +0000
Processing by MoviesController#index as HTML
  Parameters: {"utf8"=>"✓", "ratings"=>{"G"=>"1"}, "commit"=>"Refresh"}
  [1m[36mMovie Load (0.1ms)[0m  [1mSELECT "movies".* FROM "movies" WHERE "movies"."rating" = 'G'[0m
  Rendered movies/index.html.erb within layouts/application (11.2ms)
  Rendered layouts/_flash.erb (0.1ms)
Completed 200 OK in 17ms (Views: 16.5ms | ActiveRecord: 0.1ms)


Started GET "/movies?utf8=%E2%9C%93&ratings%5BG%5D=1&ratings%5BPG-13%5D=1&commit=Refresh" for ::1 at 2023-11-18 07:21:27 +0000
Processing by MoviesController#index as HTML
  Parameters: {"utf8"=>"✓", "ratings"=>{"G"=>"1", "PG-13"=>"1"}, "commit"=>"Refresh"}
  [1m[35mMovie Load (0.3ms)[0m  SELECT "movies".* FROM "movies" WHERE "movies"."rating" IN ('G', 'PG-13')
  Rendered movies/index.html.erb within layouts/application (2.7ms)
  Rendered layouts/_flash.erb (0.1ms)
Completed 200 OK in 8ms (Views: 7.4ms | ActiveRecord: 0.3ms)


Started GET "/movies?utf8=%E2%9C%93&ratings%5BG%5D=1&ratings%5BPG%5D=1&ratings%5BPG-13%5D=1&commit=Refresh" for ::1 at 2023-11-18 07:21:30 +0000
Processing by MoviesController#index as HTML
  Parameters: {"utf8"=>"✓", "ratings"=>{"G"=>"1", "PG"=>"1", "PG-13"=>"1"}, "commit"=>"Refresh"}
  [1m[36mMovie Load (0.3ms)[0m  [1mSELECT "movies".* FROM "movies" WHERE "movies"."rating" IN ('G', 'PG', 'PG-13')[0m
  Rendered movies/index.html.erb within layouts/application (1.9ms)
  Rendered layouts/_flash.erb (0.1ms)
Completed 200 OK in 11ms (Views: 10.2ms | ActiveRecord: 0.3ms)


Started GET "/movies?utf8=%E2%9C%93&ratings%5BG%5D=1&ratings%5BPG%5D=1&ratings%5BPG-13%5D=1&commit=Refresh" for ::1 at 2023-11-18 07:21:32 +0000
Processing by MoviesController#index as HTML
  Parameters: {"utf8"=>"✓", "ratings"=>{"G"=>"1", "PG"=>"1", "PG-13"=>"1"}, "commit"=>"Refresh"}
  [1m[35mMovie Load (0.2ms)[0m  SELECT "movies".* FROM "movies" WHERE "movies"."rating" IN ('G', 'PG', 'PG-13')
  Rendered movies/index.html.erb within layouts/application (1.8ms)
  Rendered layouts/_flash.erb (0.1ms)
Completed 200 OK in 9ms (Views: 8.1ms | ActiveRecord: 0.2ms)


Started GET "/assets/application.self-e80e8f2318043e8af94dddc2adad5a4f09739a8ebb323b3ab31cd71d45fd9113.css?body=1" for ::1 at 2023-11-18 07:21:32 +0000


Started GET "/assets/jquery.self-bd7ddd393353a8d2480a622e80342adf488fb6006d667e8b42e4c0073393abee.js?body=1" for ::1 at 2023-11-18 07:21:32 +0000


Started GET "/assets/application.self-377610cd7c1509e934744c810e3b4cf672dfbcacac3274e7d039827e2ae0fcc7.js?body=1" for ::1 at 2023-11-18 07:21:32 +0000


Started GET "/assets/jquery_ujs.self-a6375ab2b275439c922ac52b02a475d288976458aa11a6e8103c925ef2961f66.js?body=1" for ::1 at 2023-11-18 07:21:32 +0000


Started GET "/movies?utf8=%E2%9C%93&ratings%5BG%5D=1&ratings%5BPG%5D=1&ratings%5BPG-13%5D=1&commit=Refresh" for ::1 at 2023-11-18 07:21:35 +0000
Processing by MoviesController#index as HTML
  Parameters: {"utf8"=>"✓", "ratings"=>{"G"=>"1", "PG"=>"1", "PG-13"=>"1"}, "commit"=>"Refresh"}
  [1m[36mMovie Load (0.2ms)[0m  [1mSELECT "movies".* FROM "movies" WHERE "movies"."rating" IN ('G', 'PG', 'PG-13')[0m
  Rendered movies/index.html.erb within layouts/application (1.5ms)
  Rendered layouts/_flash.erb (0.0ms)
Completed 200 OK in 8ms (Views: 7.8ms | ActiveRecord: 0.2ms)


Started GET "/assets/application.self-e80e8f2318043e8af94dddc2adad5a4f09739a8ebb323b3ab31cd71d45fd9113.css?body=1" for ::1 at 2023-11-18 07:21:35 +0000


Started GET "/assets/jquery.self-bd7ddd393353a8d2480a622e80342adf488fb6006d667e8b42e4c0073393abee.js?body=1" for ::1 at 2023-11-18 07:21:35 +0000


Started GET "/assets/jquery_ujs.self-a6375ab2b275439c922ac52b02a475d288976458aa11a6e8103c925ef2961f66.js?body=1" for ::1 at 2023-11-18 07:21:35 +0000


Started GET "/assets/application.self-377610cd7c1509e934744c810e3b4cf672dfbcacac3274e7d039827e2ae0fcc7.js?body=1" for ::1 at 2023-11-18 07:21:35 +0000


Started GET "/movies?utf8=%E2%9C%93&ratings%5BG%5D=1&ratings%5BPG%5D=1&commit=Refresh" for ::1 at 2023-11-18 07:21:37 +0000
Processing by MoviesController#index as HTML
  Parameters: {"utf8"=>"✓", "ratings"=>{"G"=>"1", "PG"=>"1"}, "commit"=>"Refresh"}
  [1m[35mMovie Load (0.1ms)[0m  SELECT "movies".* FROM "movies" WHERE "movies"."rating" IN ('G', 'PG')
  Rendered movies/index.html.erb within layouts/application (1.2ms)
  Rendered layouts/_flash.erb (0.0ms)
Completed 200 OK in 7ms (Views: 6.1ms | ActiveRecord: 0.1ms)
  [1m[36mActiveRecord::SchemaMigration Load (0.1ms)[0m  [1mSELECT "schema_migrations".* FROM "schema_migrations"[0m
  [1m[35mActiveRecord::SchemaMigration Load (0.1ms)[0m  SELECT "schema_migrations".* FROM "schema_migrations"
  [1m[36mActiveRecord::SchemaMigration Load (0.0ms)[0m  [1mSELECT "schema_migrations".* FROM "schema_migrations"[0m
  [1m[35m (0.0ms)[0m  begin transaction
  [1m[36mSQL (1.7ms)[0m  [1mINSERT INTO "movies" ("title", "rating", "release_date", "created_at", "updated_at") VALUES (?, ?, ?, ?, ?)[0m  [["title", "Aladdin"], ["rating", "G"], ["release_date", "1992-11-25 00:00:00.000000"], ["created_at", "2023-11-29 13:16:59.146927"], ["updated_at", "2023-11-29 13:16:59.146927"]]
  [1m[35m (10.8ms)[0m  commit transaction
  [1m[36m (0.0ms)[0m  [1mbegin transaction[0m
  [1m[35mSQL (0.2ms)[0m  INSERT INTO "movies" ("title", "rating", "release_date", "created_at", "updated_at") VALUES (?, ?, ?, ?, ?)  [["title", "The Terminator"], ["rating", "R"], ["release_date", "1984-10-26 00:00:00.000000"], ["created_at", "2023-11-29 13:16:59.161859"], ["updated_at", "2023-11-29 13:16:59.161859"]]
  [1m[36m (4.6ms)[0m  [1mcommit transaction[0m
  [1m[35m (0.0ms)[0m  begin transaction
  [1m[36mSQL (0.2ms)[0m  [1mINSERT INTO "movies" ("title", "rating", "release_date", "created_at", "updated_at") VALUES (?, ?, ?, ?, ?)[0m  [["title", "When Harry Met Sally"], ["rating", "R"], ["release_date", "1989-07-21 00:00:00.000000"], ["created_at", "2023-11-29 13:16:59.167904"], ["updated_at", "2023-11-29 13:16:59.167904"]]
  [1m[35m (4.5ms)[0m  commit transaction
  [1m[36m (0.0ms)[0m  [1mbegin transaction[0m
  [1m[35mSQL (0.2ms)[0m  INSERT INTO "movies" ("title", "rating", "release_date", "created_at", "updated_at") VALUES (?, ?, ?, ?, ?)  [["title", "The Help"], ["rating", "PG-13"], ["release_date", "2011-08-10 00:00:00.000000"], ["created_at", "2023-11-29 13:16:59.173464"], ["updated_at", "2023-11-29 13:16:59.173464"]]
  [1m[36m (4.7ms)[0m  [1mcommit transaction[0m
  [1m[35m (0.0ms)[0m  begin transaction
  [1m[36mSQL (0.2ms)[0m  [1mINSERT INTO "movies" ("title", "rating", "release_date", "created_at", "updated_at") VALUES (?, ?, ?, ?, ?)[0m  [["title", "Chocolat"], ["rating", "PG-13"], ["release_date", "2001-01-05 00:00:00.000000"], ["created_at", "2023-11-29 13:16:59.179159"], ["updated_at", "2023-11-29 13:16:59.179159"]]
  [1m[35m (4.8ms)[0m  commit transaction
  [1m[36m (0.0ms)[0m  [1mbegin transaction[0m
  [1m[35mSQL (0.2ms)[0m  INSERT INTO "movies" ("title", "rating", "release_date", "created_at", "updated_at") VALUES (?, ?, ?, ?, ?)  [["title", "Amelie"], ["rating", "R"], ["release_date", "2001-04-25 00:00:00.000000"], ["created_at", "2023-11-29 13:16:59.185301"], ["updated_at", "2023-11-29 13:16:59.185301"]]
  [1m[36m (4.4ms)[0m  [1mcommit transaction[0m
  [1m[35m (0.0ms)[0m  begin transaction
  [1m[36mSQL (0.2ms)[0m  [1mINSERT INTO "movies" ("title", "rating", "release_date", "created_at", "updated_at") VALUES (?, ?, ?, ?, ?)[0m  [["title", "2001: A Space Odyssey"], ["rating", "G"], ["release_date", "1968-04-06 00:00:00.000000"], ["created_at", "2023-11-29 13:16:59.190724"], ["updated_at", "2023-11-29 13:16:59.190724"]]
  [1m[35m (4.5ms)[0m  commit transaction
  [1m[36m (0.0ms)[0m  [1mbegin transaction[0m
  [1m[35mSQL (0.2ms)[0m  INSERT INTO "movies" ("title", "rating", "release_date", "created_at", "updated_at") VALUES (?, ?, ?, ?, ?)  [["title", "The Incredibles"], ["rating", "PG"], ["release_date", "2004-11-05 00:00:00.000000"], ["created_at", "2023-11-29 13:16:59.196133"], ["updated_at", "2023-11-29 13:16:59.196133"]]
  [1m[36m (6.1ms)[0m  [1mcommit transaction[0m
  [1m[35m (0.0ms)[0m  begin transaction
  [1m[36mSQL (0.2ms)[0m  [1mINSERT INTO "movies" ("title", "rating", "release_date", "created_at", "updated_at") VALUES (?, ?, ?, ?, ?)[0m  [["title", "Raiders of the Lost Ark"], ["rating", "PG"], ["release_date", "1981-06-12 00:00:00.000000"], ["created_at", "2023-11-29 13:16:59.203348"], ["updated_at", "2023-11-29 13:16:59.203348"]]
  [1m[35m (4.3ms)[0m  commit transaction
  [1m[36m (0.0ms)[0m  [1mbegin transaction[0m
  [1m[35mSQL (0.2ms)[0m  INSERT INTO "movies" ("title", "rating", "release_date", "created_at", "updated_at") VALUES (?, ?, ?, ?, ?)  [["title", "Chicken Run"], ["rating", "G"], ["release_date", "2000-06-21 00:00:00.000000"], ["created_at", "2023-11-29 13:16:59.209067"], ["updated_at", "2023-11-29 13:16:59.209067"]]
  [1m[36m (4.3ms)[0m  [1mcommit transaction[0m


Started GET "/" for 127.0.0.1 at 2023-11-29 13:17:27 +0000
  [1m[36mActiveRecord::SchemaMigration Load (0.1ms)[0m  [1mSELECT "schema_migrations".* FROM "schema_migrations"[0m
Processing by MoviesController#index as HTML
  [1m[35mMovie Load (0.2ms)[0m  SELECT "movies".* FROM "movies"
  Rendered movies/index.html.erb within layouts/application (21.8ms)
  Rendered layouts/_flash.erb (0.5ms)
Completed 200 OK in 401ms (Views: 397.0ms | ActiveRecord: 0.5ms)


Started GET "/" for 127.0.0.1 at 2023-11-29 13:19:46 +0000
  [1m[36mActiveRecord::SchemaMigration Load (0.1ms)[0m  [1mSELECT "schema_migrations".* FROM "schema_migrations"[0m
Processing by MoviesController#index as HTML
  [1m[35mMovie Load (0.2ms)[0m  SELECT "movies".* FROM "movies"
  Rendered movies/index.html.erb within layouts/application (63.6ms)
Completed 500 Internal Server Error in 74ms (ActiveRecord: 0.4ms)

ActionView::Template::Error (String can't be coerced into Integer):
    31:     <% @movies.each do |movie| %>
    32:       <tr>
    33:         <td>
    34:           <%i++%>
    35:         </td>
    36:         <td>
    37:           <%= movie.title %>
  app/views/movies/index.html.erb:34:in `+'
  app/views/movies/index.html.erb:34:in `block in _app_views_movies_index_html_erb__622447652083834946_46992894758120'
  app/views/movies/index.html.erb:31:in `_app_views_movies_index_html_erb__622447652083834946_46992894758120'


  Rendered /usr/share/rvm/gems/ruby-2.6.6/gems/actionpack-4.2.11/lib/action_dispatch/middleware/templates/rescues/_source.erb (4.6ms)
  Rendered /usr/share/rvm/gems/ruby-2.6.6/gems/actionpack-4.2.11/lib/action_dispatch/middleware/templates/rescues/_trace.html.erb (6.9ms)
  Rendered /usr/share/rvm/gems/ruby-2.6.6/gems/actionpack-4.2.11/lib/action_dispatch/middleware/templates/rescues/_request_and_response.html.erb (8.7ms)
  Rendered /usr/share/rvm/gems/ruby-2.6.6/gems/actionpack-4.2.11/lib/action_dispatch/middleware/templates/rescues/template_error.html.erb within rescues/layout (38.0ms)
  Rendered /usr/share/rvm/gems/ruby-2.6.6/gems/web-console-2.3.0/lib/web_console/templates/_markup.html.erb (0.4ms)
  Rendered /usr/share/rvm/gems/ruby-2.6.6/gems/web-console-2.3.0/lib/web_console/templates/_inner_console_markup.html.erb within layouts/inlined_string (1.2ms)
  Rendered /usr/share/rvm/gems/ruby-2.6.6/gems/web-console-2.3.0/lib/web_console/templates/_prompt_box_markup.html.erb within layouts/inlined_string (0.3ms)
  Rendered /usr/share/rvm/gems/ruby-2.6.6/gems/web-console-2.3.0/lib/web_console/templates/style.css.erb within layouts/inlined_string (0.6ms)
  Rendered /usr/share/rvm/gems/ruby-2.6.6/gems/web-console-2.3.0/lib/web_console/templates/console.js.erb within layouts/javascript (38.6ms)
  Rendered /usr/share/rvm/gems/ruby-2.6.6/gems/web-console-2.3.0/lib/web_console/templates/main.js.erb within layouts/javascript (0.2ms)
  Rendered /usr/share/rvm/gems/ruby-2.6.6/gems/web-console-2.3.0/lib/web_console/templates/error_page.js.erb within layouts/javascript (0.4ms)
  Rendered /usr/share/rvm/gems/ruby-2.6.6/gems/web-console-2.3.0/lib/web_console/templates/index.html.erb (81.8ms)


Started GET "/" for 127.0.0.1 at 2023-11-29 13:20:41 +0000
  [1m[36mActiveRecord::SchemaMigration Load (0.1ms)[0m  [1mSELECT "schema_migrations".* FROM "schema_migrations"[0m
Processing by MoviesController#index as HTML
  Rendered movies/index.html.erb within layouts/application (0.8ms)
Completed 500 Internal Server Error in 10ms (ActiveRecord: 0.0ms)

SyntaxError (/home/devasc/Documents/PC4/Pregunta4/app/views/movies/index.html.erb:34: syntax error, unexpected ')'
'.freeze;          (i++).to_s
                       ^
/home/devasc/Documents/PC4/Pregunta4/app/views/movies/index.html.erb:49: syntax error, unexpected end, expecting ')'
'.freeze;     end 
              ^~~
/home/devasc/Documents/PC4/Pregunta4/app/views/movies/index.html.erb:54: syntax error, unexpected ensure, expecting ')'
          ensure
          ^~~~~~
/home/devasc/Documents/PC4/Pregunta4/app/views/movies/index.html.erb:56: syntax error, unexpected end, expecting ')'
          end
          ^~~):
  app/views/movies/index.html.erb:34: syntax error, unexpected ')'
  app/views/movies/index.html.erb:49: syntax error, unexpected end, expecting ')'
  app/views/movies/index.html.erb:54: syntax error, unexpected ensure, expecting ')'
  app/views/movies/index.html.erb:56: syntax error, unexpected end, expecting ')'


  Rendered /usr/share/rvm/gems/ruby-2.6.6/gems/actionpack-4.2.11/lib/action_dispatch/middleware/templates/rescues/_source.erb (6.0ms)
  Rendered /usr/share/rvm/gems/ruby-2.6.6/gems/actionpack-4.2.11/lib/action_dispatch/middleware/templates/rescues/_trace.html.erb (3.0ms)
  Rendered /usr/share/rvm/gems/ruby-2.6.6/gems/actionpack-4.2.11/lib/action_dispatch/middleware/templates/rescues/_request_and_response.html.erb (17.3ms)
  Rendered /usr/share/rvm/gems/ruby-2.6.6/gems/actionpack-4.2.11/lib/action_dispatch/middleware/templates/rescues/diagnostics.html.erb within rescues/layout (45.7ms)
  Rendered /usr/share/rvm/gems/ruby-2.6.6/gems/web-console-2.3.0/lib/web_console/templates/_markup.html.erb (0.4ms)
  Rendered /usr/share/rvm/gems/ruby-2.6.6/gems/web-console-2.3.0/lib/web_console/templates/_inner_console_markup.html.erb within layouts/inlined_string (0.3ms)
  Rendered /usr/share/rvm/gems/ruby-2.6.6/gems/web-console-2.3.0/lib/web_console/templates/_prompt_box_markup.html.erb within layouts/inlined_string (0.2ms)
  Rendered /usr/share/rvm/gems/ruby-2.6.6/gems/web-console-2.3.0/lib/web_console/templates/style.css.erb within layouts/inlined_string (0.3ms)
  Rendered /usr/share/rvm/gems/ruby-2.6.6/gems/web-console-2.3.0/lib/web_console/templates/console.js.erb within layouts/javascript (13.3ms)
  Rendered /usr/share/rvm/gems/ruby-2.6.6/gems/web-console-2.3.0/lib/web_console/templates/main.js.erb within layouts/javascript (0.4ms)
  Rendered /usr/share/rvm/gems/ruby-2.6.6/gems/web-console-2.3.0/lib/web_console/templates/error_page.js.erb within layouts/javascript (0.5ms)
  Rendered /usr/share/rvm/gems/ruby-2.6.6/gems/web-console-2.3.0/lib/web_console/templates/index.html.erb (34.7ms)


Started GET "/" for 127.0.0.1 at 2023-11-29 13:21:04 +0000
  [1m[36mActiveRecord::SchemaMigration Load (0.1ms)[0m  [1mSELECT "schema_migrations".* FROM "schema_migrations"[0m
Processing by MoviesController#index as HTML
  Rendered movies/index.html.erb within layouts/application (0.9ms)
Completed 500 Internal Server Error in 19ms (ActiveRecord: 0.0ms)

SyntaxError (/home/devasc/Documents/PC4/Pregunta4/app/views/movies/index.html.erb:34: syntax error, unexpected ')'
'.freeze;          (i++).to_s
                       ^
/home/devasc/Documents/PC4/Pregunta4/app/views/movies/index.html.erb:49: syntax error, unexpected end, expecting ')'
'.freeze;     end 
              ^~~
/home/devasc/Documents/PC4/Pregunta4/app/views/movies/index.html.erb:54: syntax error, unexpected ensure, expecting ')'
          ensure
          ^~~~~~
/home/devasc/Documents/PC4/Pregunta4/app/views/movies/index.html.erb:56: syntax error, unexpected end, expecting ')'
          end
          ^~~):
  app/views/movies/index.html.erb:34: syntax error, unexpected ')'
  app/views/movies/index.html.erb:49: syntax error, unexpected end, expecting ')'
  app/views/movies/index.html.erb:54: syntax error, unexpected ensure, expecting ')'
  app/views/movies/index.html.erb:56: syntax error, unexpected end, expecting ')'


  Rendered /usr/share/rvm/gems/ruby-2.6.6/gems/actionpack-4.2.11/lib/action_dispatch/middleware/templates/rescues/_source.erb (3.6ms)
  Rendered /usr/share/rvm/gems/ruby-2.6.6/gems/actionpack-4.2.11/lib/action_dispatch/middleware/templates/rescues/_trace.html.erb (1.8ms)
  Rendered /usr/share/rvm/gems/ruby-2.6.6/gems/actionpack-4.2.11/lib/action_dispatch/middleware/templates/rescues/_request_and_response.html.erb (5.4ms)
  Rendered /usr/share/rvm/gems/ruby-2.6.6/gems/actionpack-4.2.11/lib/action_dispatch/middleware/templates/rescues/diagnostics.html.erb within rescues/layout (18.6ms)
  Rendered /usr/share/rvm/gems/ruby-2.6.6/gems/web-console-2.3.0/lib/web_console/templates/_markup.html.erb (0.3ms)
  Rendered /usr/share/rvm/gems/ruby-2.6.6/gems/web-console-2.3.0/lib/web_console/templates/_inner_console_markup.html.erb within layouts/inlined_string (0.4ms)
  Rendered /usr/share/rvm/gems/ruby-2.6.6/gems/web-console-2.3.0/lib/web_console/templates/_prompt_box_markup.html.erb within layouts/inlined_string (0.3ms)
  Rendered /usr/share/rvm/gems/ruby-2.6.6/gems/web-console-2.3.0/lib/web_console/templates/style.css.erb within layouts/inlined_string (0.4ms)
  Rendered /usr/share/rvm/gems/ruby-2.6.6/gems/web-console-2.3.0/lib/web_console/templates/console.js.erb within layouts/javascript (16.6ms)
  Rendered /usr/share/rvm/gems/ruby-2.6.6/gems/web-console-2.3.0/lib/web_console/templates/main.js.erb within layouts/javascript (0.2ms)
  Rendered /usr/share/rvm/gems/ruby-2.6.6/gems/web-console-2.3.0/lib/web_console/templates/error_page.js.erb within layouts/javascript (0.3ms)
  Rendered /usr/share/rvm/gems/ruby-2.6.6/gems/web-console-2.3.0/lib/web_console/templates/index.html.erb (28.1ms)


Started GET "/" for 127.0.0.1 at 2023-11-29 13:21:53 +0000
  [1m[36mActiveRecord::SchemaMigration Load (0.3ms)[0m  [1mSELECT "schema_migrations".* FROM "schema_migrations"[0m
Processing by MoviesController#index as HTML
  [1m[35mMovie Load (0.9ms)[0m  SELECT "movies".* FROM "movies"
  Rendered movies/index.html.erb within layouts/application (16.6ms)
  Rendered layouts/_flash.erb (0.4ms)
Completed 200 OK in 545ms (Views: 540.6ms | ActiveRecord: 1.6ms)


Started GET "/assets/jquery.self-bd7ddd393353a8d2480a622e80342adf488fb6006d667e8b42e4c0073393abee.js?body=1" for 127.0.0.1 at 2023-11-29 13:21:54 +0000


Started GET "/assets/jquery_ujs.self-a6375ab2b275439c922ac52b02a475d288976458aa11a6e8103c925ef2961f66.js?body=1" for 127.0.0.1 at 2023-11-29 13:21:54 +0000


Started GET "/assets/application.self-377610cd7c1509e934744c810e3b4cf672dfbcacac3274e7d039827e2ae0fcc7.js?body=1" for 127.0.0.1 at 2023-11-29 13:21:54 +0000


Started GET "/assets/application.self-e80e8f2318043e8af94dddc2adad5a4f09739a8ebb323b3ab31cd71d45fd9113.css?body=1" for 127.0.0.1 at 2023-11-29 13:21:54 +0000


Started GET "/" for 127.0.0.1 at 2023-11-29 13:22:12 +0000
  [1m[36mActiveRecord::SchemaMigration Load (0.1ms)[0m  [1mSELECT "schema_migrations".* FROM "schema_migrations"[0m
Processing by MoviesController#index as HTML
  [1m[35mMovie Load (0.2ms)[0m  SELECT "movies".* FROM "movies"
  Rendered movies/index.html.erb within layouts/application (9.3ms)
  Rendered layouts/_flash.erb (0.5ms)
Completed 200 OK in 502ms (Views: 500.2ms | ActiveRecord: 0.6ms)


Started GET "/assets/application.self-e80e8f2318043e8af94dddc2adad5a4f09739a8ebb323b3ab31cd71d45fd9113.css?body=1" for 127.0.0.1 at 2023-11-29 13:22:13 +0000


Started GET "/assets/jquery.self-bd7ddd393353a8d2480a622e80342adf488fb6006d667e8b42e4c0073393abee.js?body=1" for 127.0.0.1 at 2023-11-29 13:22:13 +0000


Started GET "/assets/application.self-377610cd7c1509e934744c810e3b4cf672dfbcacac3274e7d039827e2ae0fcc7.js?body=1" for 127.0.0.1 at 2023-11-29 13:22:13 +0000


Started GET "/assets/jquery_ujs.self-a6375ab2b275439c922ac52b02a475d288976458aa11a6e8103c925ef2961f66.js?body=1" for 127.0.0.1 at 2023-11-29 13:22:13 +0000


Started GET "/" for 127.0.0.1 at 2023-11-29 13:25:14 +0000
  [1m[36mActiveRecord::SchemaMigration Load (0.1ms)[0m  [1mSELECT "schema_migrations".* FROM "schema_migrations"[0m
Processing by MoviesController#index as HTML
  [1m[35mMovie Load (0.2ms)[0m  SELECT "movies".* FROM "movies"
  Rendered movies/index.html.erb within layouts/application (53.0ms)
  Rendered layouts/_flash.erb (0.6ms)
Completed 200 OK in 389ms (Views: 385.9ms | ActiveRecord: 0.6ms)


Started GET "/assets/application.self-3d37b871616cd46d486408f37dfc3fd9a34d08a2546a0a8bc9a58195acf47090.css?body=1" for 127.0.0.1 at 2023-11-29 13:25:15 +0000


Started GET "/assets/jquery_ujs.self-a6375ab2b275439c922ac52b02a475d288976458aa11a6e8103c925ef2961f66.js?body=1" for 127.0.0.1 at 2023-11-29 13:25:15 +0000


Started GET "/assets/jquery.self-bd7ddd393353a8d2480a622e80342adf488fb6006d667e8b42e4c0073393abee.js?body=1" for 127.0.0.1 at 2023-11-29 13:25:15 +0000


Started GET "/assets/application.self-377610cd7c1509e934744c810e3b4cf672dfbcacac3274e7d039827e2ae0fcc7.js?body=1" for 127.0.0.1 at 2023-11-29 13:25:15 +0000


Started GET "/assets/application.self-3d37b871616cd46d486408f37dfc3fd9a34d08a2546a0a8bc9a58195acf47090.css?body=1" for 127.0.0.1 at 2023-11-29 13:25:19 +0000


Started GET "/" for 127.0.0.1 at 2023-11-29 13:26:10 +0000
  [1m[36mActiveRecord::SchemaMigration Load (0.5ms)[0m  [1mSELECT "schema_migrations".* FROM "schema_migrations"[0m
Processing by MoviesController#index as HTML
  [1m[35mMovie Load (0.2ms)[0m  SELECT "movies".* FROM "movies"
  Rendered movies/index.html.erb within layouts/application (9.5ms)
  Rendered layouts/_flash.erb (0.3ms)
Completed 200 OK in 387ms (Views: 384.4ms | ActiveRecord: 0.6ms)


Started GET "/assets/application.self-5b4505093609a3856cec92a07c27e41035e51328b10877e1239064fcb9dac8be.css?body=1" for 127.0.0.1 at 2023-11-29 13:26:10 +0000


Started GET "/assets/jquery_ujs.self-a6375ab2b275439c922ac52b02a475d288976458aa11a6e8103c925ef2961f66.js?body=1" for 127.0.0.1 at 2023-11-29 13:26:11 +0000


Started GET "/assets/application.self-377610cd7c1509e934744c810e3b4cf672dfbcacac3274e7d039827e2ae0fcc7.js?body=1" for 127.0.0.1 at 2023-11-29 13:26:11 +0000


Started GET "/assets/jquery.self-bd7ddd393353a8d2480a622e80342adf488fb6006d667e8b42e4c0073393abee.js?body=1" for 127.0.0.1 at 2023-11-29 13:26:11 +0000


Started GET "/" for 127.0.0.1 at 2023-11-29 13:26:38 +0000
  [1m[36mActiveRecord::SchemaMigration Load (0.1ms)[0m  [1mSELECT "schema_migrations".* FROM "schema_migrations"[0m
Processing by MoviesController#index as HTML
  [1m[35mMovie Load (0.2ms)[0m  SELECT "movies".* FROM "movies"
  Rendered movies/index.html.erb within layouts/application (14.4ms)
  Rendered layouts/_flash.erb (0.3ms)
Completed 200 OK in 252ms (Views: 249.1ms | ActiveRecord: 0.7ms)


Started GET "/assets/application.self-99ac4d26438b92526f4d9a8f6632d8e2c1b29dd3b33d57bb2411af455cc10d22.css?body=1" for 127.0.0.1 at 2023-11-29 13:26:39 +0000


Started GET "/assets/jquery.self-bd7ddd393353a8d2480a622e80342adf488fb6006d667e8b42e4c0073393abee.js?body=1" for 127.0.0.1 at 2023-11-29 13:26:39 +0000


Started GET "/assets/jquery_ujs.self-a6375ab2b275439c922ac52b02a475d288976458aa11a6e8103c925ef2961f66.js?body=1" for 127.0.0.1 at 2023-11-29 13:26:39 +0000


Started GET "/assets/application.self-377610cd7c1509e934744c810e3b4cf672dfbcacac3274e7d039827e2ae0fcc7.js?body=1" for 127.0.0.1 at 2023-11-29 13:26:39 +0000


Started GET "/" for ::1 at 2023-11-29 13:33:05 +0000
  [1m[36mActiveRecord::SchemaMigration Load (0.1ms)[0m  [1mSELECT "schema_migrations".* FROM "schema_migrations"[0m
Processing by MoviesController#index as HTML
  [1m[35mMovie Load (0.2ms)[0m  SELECT "movies".* FROM "movies"
  Rendered movies/index.html.erb within layouts/application (11.9ms)
  Rendered layouts/_flash.erb (0.4ms)
Completed 200 OK in 382ms (Views: 379.4ms | ActiveRecord: 0.4ms)


Started GET "/assets/application.self-99ac4d26438b92526f4d9a8f6632d8e2c1b29dd3b33d57bb2411af455cc10d22.css?body=1" for ::1 at 2023-11-29 13:33:06 +0000


Started GET "/assets/jquery.self-bd7ddd393353a8d2480a622e80342adf488fb6006d667e8b42e4c0073393abee.js?body=1" for ::1 at 2023-11-29 13:33:06 +0000


Started GET "/assets/application.self-377610cd7c1509e934744c810e3b4cf672dfbcacac3274e7d039827e2ae0fcc7.js?body=1" for ::1 at 2023-11-29 13:33:06 +0000


Started GET "/assets/jquery_ujs.self-a6375ab2b275439c922ac52b02a475d288976458aa11a6e8103c925ef2961f66.js?body=1" for ::1 at 2023-11-29 13:33:06 +0000


Started GET "/" for ::1 at 2023-11-29 13:33:56 +0000
  [1m[36mActiveRecord::SchemaMigration Load (0.1ms)[0m  [1mSELECT "schema_migrations".* FROM "schema_migrations"[0m
Processing by MoviesController#index as HTML
  [1m[35mMovie Load (0.3ms)[0m  SELECT "movies".* FROM "movies"
  Rendered movies/index.html.erb within layouts/application (36.1ms)
  Rendered layouts/_flash.erb (0.4ms)
Completed 200 OK in 282ms (Views: 273.6ms | ActiveRecord: 0.5ms)


Started GET "/assets/application.self-03ad4893b8659381d7b82e8f914a02788a869a1eac2baa590852363d92dafe98.css?body=1" for ::1 at 2023-11-29 13:33:57 +0000


Started GET "/assets/jquery_ujs.self-a6375ab2b275439c922ac52b02a475d288976458aa11a6e8103c925ef2961f66.js?body=1" for ::1 at 2023-11-29 13:33:57 +0000


Started GET "/assets/application.self-377610cd7c1509e934744c810e3b4cf672dfbcacac3274e7d039827e2ae0fcc7.js?body=1" for ::1 at 2023-11-29 13:33:57 +0000


Started GET "/assets/jquery.self-bd7ddd393353a8d2480a622e80342adf488fb6006d667e8b42e4c0073393abee.js?body=1" for ::1 at 2023-11-29 13:33:57 +0000


Started GET "/" for ::1 at 2023-11-29 13:35:56 +0000
  [1m[36mActiveRecord::SchemaMigration Load (0.1ms)[0m  [1mSELECT "schema_migrations".* FROM "schema_migrations"[0m
Processing by MoviesController#index as HTML
  [1m[35mMovie Load (0.2ms)[0m  SELECT "movies".* FROM "movies"
  Rendered movies/index.html.erb within layouts/application (38.1ms)
  Rendered layouts/_flash.erb (0.4ms)
Completed 200 OK in 304ms (Views: 301.7ms | ActiveRecord: 0.4ms)


Started GET "/assets/application.self-50f03185a3b67f448e7d6deabe033eeb269bbc7db4055c321accb4d09554aeb8.css?body=1" for ::1 at 2023-11-29 13:35:56 +0000


Started GET "/assets/jquery.self-bd7ddd393353a8d2480a622e80342adf488fb6006d667e8b42e4c0073393abee.js?body=1" for ::1 at 2023-11-29 13:35:56 +0000


Started GET "/assets/jquery_ujs.self-a6375ab2b275439c922ac52b02a475d288976458aa11a6e8103c925ef2961f66.js?body=1" for ::1 at 2023-11-29 13:35:56 +0000


Started GET "/assets/application.self-377610cd7c1509e934744c810e3b4cf672dfbcacac3274e7d039827e2ae0fcc7.js?body=1" for ::1 at 2023-11-29 13:35:56 +0000


Started GET "/" for ::1 at 2023-11-29 13:36:14 +0000
Processing by MoviesController#index as HTML
  [1m[36mMovie Load (0.4ms)[0m  [1mSELECT "movies".* FROM "movies"[0m
  Rendered movies/index.html.erb within layouts/application (55.8ms)
  Rendered layouts/_flash.erb (0.1ms)
Completed 200 OK in 87ms (Views: 85.7ms | ActiveRecord: 0.4ms)


Started GET "/assets/application.self-03ad4893b8659381d7b82e8f914a02788a869a1eac2baa590852363d92dafe98.css?body=1" for ::1 at 2023-11-29 13:36:14 +0000


Started GET "/assets/jquery.self-bd7ddd393353a8d2480a622e80342adf488fb6006d667e8b42e4c0073393abee.js?body=1" for ::1 at 2023-11-29 13:36:14 +0000


Started GET "/assets/jquery_ujs.self-a6375ab2b275439c922ac52b02a475d288976458aa11a6e8103c925ef2961f66.js?body=1" for ::1 at 2023-11-29 13:36:14 +0000


Started GET "/assets/application.self-377610cd7c1509e934744c810e3b4cf672dfbcacac3274e7d039827e2ae0fcc7.js?body=1" for ::1 at 2023-11-29 13:36:14 +0000


Started GET "/" for ::1 at 2023-11-29 13:38:14 +0000
  [1m[36mActiveRecord::SchemaMigration Load (0.2ms)[0m  [1mSELECT "schema_migrations".* FROM "schema_migrations"[0m
Processing by MoviesController#index as HTML
  [1m[35mMovie Load (0.2ms)[0m  SELECT "movies".* FROM "movies"
  Rendered movies/index.html.erb within layouts/application (9.4ms)
  Rendered layouts/_flash.erb (0.6ms)
Completed 200 OK in 316ms (Views: 313.3ms | ActiveRecord: 0.5ms)


Started GET "/assets/application.self-3797bf3f6e0ab0b26330fbe87835fde6776d79481c15c27f07531de2bc690403.css?body=1" for ::1 at 2023-11-29 13:38:14 +0000


Started GET "/assets/jquery.self-bd7ddd393353a8d2480a622e80342adf488fb6006d667e8b42e4c0073393abee.js?body=1" for ::1 at 2023-11-29 13:38:14 +0000


Started GET "/assets/application.self-377610cd7c1509e934744c810e3b4cf672dfbcacac3274e7d039827e2ae0fcc7.js?body=1" for ::1 at 2023-11-29 13:38:14 +0000


Started GET "/assets/jquery_ujs.self-a6375ab2b275439c922ac52b02a475d288976458aa11a6e8103c925ef2961f66.js?body=1" for ::1 at 2023-11-29 13:38:15 +0000


Started GET "/" for ::1 at 2023-11-29 13:38:48 +0000
  [1m[36mActiveRecord::SchemaMigration Load (0.1ms)[0m  [1mSELECT "schema_migrations".* FROM "schema_migrations"[0m
Processing by MoviesController#index as HTML
  [1m[35mMovie Load (0.3ms)[0m  SELECT "movies".* FROM "movies"
  Rendered movies/index.html.erb within layouts/application (32.2ms)
  Rendered layouts/_flash.erb (0.4ms)
Completed 200 OK in 332ms (Views: 328.5ms | ActiveRecord: 0.6ms)


Started GET "/assets/application.self-ce11e4fb43b60b233d66523a4746f4c0a171111d9b9d97ba082b7e7838f9a39d.css?body=1" for ::1 at 2023-11-29 13:38:49 +0000


Started GET "/assets/jquery.self-bd7ddd393353a8d2480a622e80342adf488fb6006d667e8b42e4c0073393abee.js?body=1" for ::1 at 2023-11-29 13:38:49 +0000


Started GET "/assets/jquery_ujs.self-a6375ab2b275439c922ac52b02a475d288976458aa11a6e8103c925ef2961f66.js?body=1" for ::1 at 2023-11-29 13:38:49 +0000


Started GET "/assets/application.self-377610cd7c1509e934744c810e3b4cf672dfbcacac3274e7d039827e2ae0fcc7.js?body=1" for ::1 at 2023-11-29 13:38:49 +0000


Started GET "/" for ::1 at 2023-11-29 13:39:10 +0000
  [1m[36mActiveRecord::SchemaMigration Load (0.1ms)[0m  [1mSELECT "schema_migrations".* FROM "schema_migrations"[0m
Processing by MoviesController#index as HTML
  [1m[35mMovie Load (0.3ms)[0m  SELECT "movies".* FROM "movies"
  Rendered movies/index.html.erb within layouts/application (36.2ms)
  Rendered layouts/_flash.erb (0.7ms)
Completed 200 OK in 348ms (Views: 343.7ms | ActiveRecord: 0.7ms)


Started GET "/assets/application.self-48bf85bc187a798bc0fb0ee9ccafc69e74bc66f36d37ce023c8574cc6757b9a3.css?body=1" for ::1 at 2023-11-29 13:39:11 +0000


Started GET "/assets/jquery.self-bd7ddd393353a8d2480a622e80342adf488fb6006d667e8b42e4c0073393abee.js?body=1" for ::1 at 2023-11-29 13:39:11 +0000


Started GET "/assets/application.self-377610cd7c1509e934744c810e3b4cf672dfbcacac3274e7d039827e2ae0fcc7.js?body=1" for ::1 at 2023-11-29 13:39:11 +0000


Started GET "/assets/jquery_ujs.self-a6375ab2b275439c922ac52b02a475d288976458aa11a6e8103c925ef2961f66.js?body=1" for ::1 at 2023-11-29 13:39:11 +0000


Started GET "/" for ::1 at 2023-11-29 13:39:24 +0000
  [1m[36mActiveRecord::SchemaMigration Load (0.1ms)[0m  [1mSELECT "schema_migrations".* FROM "schema_migrations"[0m
Processing by MoviesController#index as HTML
  [1m[35mMovie Load (0.5ms)[0m  SELECT "movies".* FROM "movies"
  Rendered movies/index.html.erb within layouts/application (10.6ms)
  Rendered layouts/_flash.erb (0.4ms)
Completed 200 OK in 366ms (Views: 363.4ms | ActiveRecord: 1.0ms)


Started GET "/assets/application.self-1bd6919f90cb12977915480fcf2ccad14a464e7472f29ffe49f000bbbe6568a9.css?body=1" for ::1 at 2023-11-29 13:39:25 +0000


Started GET "/assets/jquery.self-bd7ddd393353a8d2480a622e80342adf488fb6006d667e8b42e4c0073393abee.js?body=1" for ::1 at 2023-11-29 13:39:25 +0000


Started GET "/assets/application.self-377610cd7c1509e934744c810e3b4cf672dfbcacac3274e7d039827e2ae0fcc7.js?body=1" for ::1 at 2023-11-29 13:39:25 +0000


Started GET "/assets/jquery_ujs.self-a6375ab2b275439c922ac52b02a475d288976458aa11a6e8103c925ef2961f66.js?body=1" for ::1 at 2023-11-29 13:39:25 +0000


Started GET "/" for ::1 at 2023-11-29 13:40:12 +0000
  [1m[36mActiveRecord::SchemaMigration Load (0.1ms)[0m  [1mSELECT "schema_migrations".* FROM "schema_migrations"[0m
Processing by MoviesController#index as HTML
  [1m[35mMovie Load (0.2ms)[0m  SELECT "movies".* FROM "movies"
  Rendered movies/index.html.erb within layouts/application (42.9ms)
  Rendered layouts/_flash.erb (1.1ms)
Completed 200 OK in 355ms (Views: 349.9ms | ActiveRecord: 0.5ms)


Started GET "/assets/application.self-25eda34c432d39e44757d7f8e1721dfce282e5e32a12dd495d9195ae6eef7840.css?body=1" for ::1 at 2023-11-29 13:40:13 +0000


Started GET "/assets/jquery_ujs.self-a6375ab2b275439c922ac52b02a475d288976458aa11a6e8103c925ef2961f66.js?body=1" for ::1 at 2023-11-29 13:40:13 +0000


Started GET "/assets/jquery.self-bd7ddd393353a8d2480a622e80342adf488fb6006d667e8b42e4c0073393abee.js?body=1" for ::1 at 2023-11-29 13:40:13 +0000


Started GET "/assets/application.self-377610cd7c1509e934744c810e3b4cf672dfbcacac3274e7d039827e2ae0fcc7.js?body=1" for ::1 at 2023-11-29 13:40:13 +0000


Started GET "/" for ::1 at 2023-11-29 13:40:30 +0000
  [1m[36mActiveRecord::SchemaMigration Load (0.1ms)[0m  [1mSELECT "schema_migrations".* FROM "schema_migrations"[0m
Processing by MoviesController#index as HTML
  [1m[35mMovie Load (12.5ms)[0m  SELECT "movies".* FROM "movies"
  Rendered movies/index.html.erb within layouts/application (62.0ms)
  Rendered layouts/_flash.erb (0.5ms)
Completed 200 OK in 410ms (Views: 392.0ms | ActiveRecord: 15.3ms)


Started GET "/assets/application.self-3d25e10495af84af764fad01fee19aa783a079248f016d969ee6507642a25fe0.css?body=1" for ::1 at 2023-11-29 13:40:31 +0000


Started GET "/assets/jquery.self-bd7ddd393353a8d2480a622e80342adf488fb6006d667e8b42e4c0073393abee.js?body=1" for ::1 at 2023-11-29 13:40:31 +0000


Started GET "/assets/application.self-377610cd7c1509e934744c810e3b4cf672dfbcacac3274e7d039827e2ae0fcc7.js?body=1" for ::1 at 2023-11-29 13:40:31 +0000


Started GET "/assets/jquery_ujs.self-a6375ab2b275439c922ac52b02a475d288976458aa11a6e8103c925ef2961f66.js?body=1" for ::1 at 2023-11-29 13:40:31 +0000


Started GET "/" for ::1 at 2023-11-29 13:40:50 +0000
  [1m[36mActiveRecord::SchemaMigration Load (0.1ms)[0m  [1mSELECT "schema_migrations".* FROM "schema_migrations"[0m
Processing by MoviesController#index as HTML
  [1m[35mMovie Load (0.2ms)[0m  SELECT "movies".* FROM "movies"
  Rendered movies/index.html.erb within layouts/application (30.1ms)
  Rendered layouts/_flash.erb (0.4ms)
Completed 200 OK in 320ms (Views: 315.9ms | ActiveRecord: 0.9ms)


Started GET "/assets/application.self-74bdc05aa72dc21d0aef2928b481f756f1f4dbb0922817f921806e5c2941e712.css?body=1" for ::1 at 2023-11-29 13:40:51 +0000


Started GET "/assets/jquery.self-bd7ddd393353a8d2480a622e80342adf488fb6006d667e8b42e4c0073393abee.js?body=1" for ::1 at 2023-11-29 13:40:51 +0000


Started GET "/assets/jquery_ujs.self-a6375ab2b275439c922ac52b02a475d288976458aa11a6e8103c925ef2961f66.js?body=1" for ::1 at 2023-11-29 13:40:51 +0000


Started GET "/assets/application.self-377610cd7c1509e934744c810e3b4cf672dfbcacac3274e7d039827e2ae0fcc7.js?body=1" for ::1 at 2023-11-29 13:40:51 +0000


Started GET "/" for ::1 at 2023-11-29 13:41:06 +0000
  [1m[36mActiveRecord::SchemaMigration Load (0.1ms)[0m  [1mSELECT "schema_migrations".* FROM "schema_migrations"[0m
Processing by MoviesController#index as HTML
  [1m[35mMovie Load (2.2ms)[0m  SELECT "movies".* FROM "movies"
  Rendered movies/index.html.erb within layouts/application (52.1ms)
  Rendered layouts/_flash.erb (0.5ms)
Completed 200 OK in 545ms (Views: 540.3ms | ActiveRecord: 2.8ms)


Started GET "/assets/application.self-9af6cda6539cc6bab31cf29b5a3de9e7a15245666087f6e4357ebda09559f7a5.css?body=1" for ::1 at 2023-11-29 13:41:07 +0000


Started GET "/assets/jquery.self-bd7ddd393353a8d2480a622e80342adf488fb6006d667e8b42e4c0073393abee.js?body=1" for ::1 at 2023-11-29 13:41:07 +0000


Started GET "/assets/jquery_ujs.self-a6375ab2b275439c922ac52b02a475d288976458aa11a6e8103c925ef2961f66.js?body=1" for ::1 at 2023-11-29 13:41:07 +0000


Started GET "/assets/application.self-377610cd7c1509e934744c810e3b4cf672dfbcacac3274e7d039827e2ae0fcc7.js?body=1" for ::1 at 2023-11-29 13:41:07 +0000


Started GET "/" for ::1 at 2023-11-29 13:41:20 +0000
  [1m[36mActiveRecord::SchemaMigration Load (0.1ms)[0m  [1mSELECT "schema_migrations".* FROM "schema_migrations"[0m
Processing by MoviesController#index as HTML
  [1m[35mMovie Load (0.2ms)[0m  SELECT "movies".* FROM "movies"
  Rendered movies/index.html.erb within layouts/application (13.0ms)
  Rendered layouts/_flash.erb (0.4ms)
Completed 200 OK in 306ms (Views: 304.0ms | ActiveRecord: 0.5ms)


Started GET "/assets/application.self-3138604e1ffae4e9507096000666a8636de64d9143ca2f4bd1fd15ebe912817c.css?body=1" for ::1 at 2023-11-29 13:41:21 +0000


Started GET "/assets/jquery.self-bd7ddd393353a8d2480a622e80342adf488fb6006d667e8b42e4c0073393abee.js?body=1" for ::1 at 2023-11-29 13:41:21 +0000


Started GET "/assets/jquery_ujs.self-a6375ab2b275439c922ac52b02a475d288976458aa11a6e8103c925ef2961f66.js?body=1" for ::1 at 2023-11-29 13:41:21 +0000


Started GET "/assets/application.self-377610cd7c1509e934744c810e3b4cf672dfbcacac3274e7d039827e2ae0fcc7.js?body=1" for ::1 at 2023-11-29 13:41:21 +0000


Started GET "/" for ::1 at 2023-11-29 13:42:06 +0000
  [1m[36mActiveRecord::SchemaMigration Load (0.1ms)[0m  [1mSELECT "schema_migrations".* FROM "schema_migrations"[0m
Processing by MoviesController#index as HTML
  [1m[35mMovie Load (0.2ms)[0m  SELECT "movies".* FROM "movies"
  Rendered movies/index.html.erb within layouts/application (49.2ms)
  Rendered layouts/_flash.erb (0.5ms)
Completed 200 OK in 392ms (Views: 382.3ms | ActiveRecord: 3.9ms)


Started GET "/assets/application.self-48bf85bc187a798bc0fb0ee9ccafc69e74bc66f36d37ce023c8574cc6757b9a3.css?body=1" for ::1 at 2023-11-29 13:42:07 +0000


Started GET "/assets/jquery.self-bd7ddd393353a8d2480a622e80342adf488fb6006d667e8b42e4c0073393abee.js?body=1" for ::1 at 2023-11-29 13:42:07 +0000


Started GET "/assets/application.self-377610cd7c1509e934744c810e3b4cf672dfbcacac3274e7d039827e2ae0fcc7.js?body=1" for ::1 at 2023-11-29 13:42:07 +0000


Started GET "/assets/jquery_ujs.self-a6375ab2b275439c922ac52b02a475d288976458aa11a6e8103c925ef2961f66.js?body=1" for ::1 at 2023-11-29 13:42:07 +0000


Started GET "/" for ::1 at 2023-11-29 13:42:20 +0000
  [1m[36mActiveRecord::SchemaMigration Load (0.1ms)[0m  [1mSELECT "schema_migrations".* FROM "schema_migrations"[0m
Processing by MoviesController#index as HTML
  [1m[35mMovie Load (0.2ms)[0m  SELECT "movies".* FROM "movies"
  Rendered movies/index.html.erb within layouts/application (14.9ms)
  Rendered layouts/_flash.erb (0.5ms)
Completed 200 OK in 358ms (Views: 354.9ms | ActiveRecord: 0.9ms)


Started GET "/assets/application.self-25eda34c432d39e44757d7f8e1721dfce282e5e32a12dd495d9195ae6eef7840.css?body=1" for ::1 at 2023-11-29 13:42:21 +0000


Started GET "/assets/jquery_ujs.self-a6375ab2b275439c922ac52b02a475d288976458aa11a6e8103c925ef2961f66.js?body=1" for ::1 at 2023-11-29 13:42:21 +0000


Started GET "/assets/jquery.self-bd7ddd393353a8d2480a622e80342adf488fb6006d667e8b42e4c0073393abee.js?body=1" for ::1 at 2023-11-29 13:42:21 +0000


Started GET "/assets/application.self-377610cd7c1509e934744c810e3b4cf672dfbcacac3274e7d039827e2ae0fcc7.js?body=1" for ::1 at 2023-11-29 13:42:21 +0000


Started GET "/" for ::1 at 2023-11-29 13:42:36 +0000
  [1m[36mActiveRecord::SchemaMigration Load (0.1ms)[0m  [1mSELECT "schema_migrations".* FROM "schema_migrations"[0m
Processing by MoviesController#index as HTML
  [1m[35mMovie Load (0.5ms)[0m  SELECT "movies".* FROM "movies"
  Rendered movies/index.html.erb within layouts/application (17.8ms)
  Rendered layouts/_flash.erb (0.4ms)
Completed 200 OK in 473ms (Views: 469.0ms | ActiveRecord: 0.7ms)


Started GET "/assets/application.self-3138604e1ffae4e9507096000666a8636de64d9143ca2f4bd1fd15ebe912817c.css?body=1" for ::1 at 2023-11-29 13:42:37 +0000


Started GET "/assets/jquery.self-bd7ddd393353a8d2480a622e80342adf488fb6006d667e8b42e4c0073393abee.js?body=1" for ::1 at 2023-11-29 13:42:37 +0000


Started GET "/assets/application.self-377610cd7c1509e934744c810e3b4cf672dfbcacac3274e7d039827e2ae0fcc7.js?body=1" for ::1 at 2023-11-29 13:42:37 +0000


Started GET "/assets/jquery_ujs.self-a6375ab2b275439c922ac52b02a475d288976458aa11a6e8103c925ef2961f66.js?body=1" for ::1 at 2023-11-29 13:42:37 +0000


Started GET "/" for ::1 at 2023-11-29 13:43:28 +0000
  [1m[36mActiveRecord::SchemaMigration Load (0.1ms)[0m  [1mSELECT "schema_migrations".* FROM "schema_migrations"[0m
Processing by MoviesController#index as HTML
  [1m[35mMovie Load (0.2ms)[0m  SELECT "movies".* FROM "movies"
  Rendered movies/index.html.erb within layouts/application (37.7ms)
  Rendered layouts/_flash.erb (0.4ms)
Completed 200 OK in 466ms (Views: 463.6ms | ActiveRecord: 0.4ms)


Started GET "/assets/application.self-6df4855eb79564cc3b8b2a702826543730fb0a4cbc79e2a6951bf1e256178750.css?body=1" for ::1 at 2023-11-29 13:43:29 +0000


Started GET "/assets/jquery.self-bd7ddd393353a8d2480a622e80342adf488fb6006d667e8b42e4c0073393abee.js?body=1" for ::1 at 2023-11-29 13:43:29 +0000


Started GET "/assets/application.self-377610cd7c1509e934744c810e3b4cf672dfbcacac3274e7d039827e2ae0fcc7.js?body=1" for ::1 at 2023-11-29 13:43:29 +0000


Started GET "/assets/jquery_ujs.self-a6375ab2b275439c922ac52b02a475d288976458aa11a6e8103c925ef2961f66.js?body=1" for ::1 at 2023-11-29 13:43:29 +0000


Started GET "/" for ::1 at 2023-11-29 13:43:50 +0000
  [1m[36mActiveRecord::SchemaMigration Load (0.1ms)[0m  [1mSELECT "schema_migrations".* FROM "schema_migrations"[0m
Processing by MoviesController#index as HTML
  [1m[35mMovie Load (0.2ms)[0m  SELECT "movies".* FROM "movies"
  Rendered movies/index.html.erb within layouts/application (34.5ms)
  Rendered layouts/_flash.erb (0.6ms)
Completed 200 OK in 358ms (Views: 356.5ms | ActiveRecord: 0.5ms)


Started GET "/assets/application.self-3138604e1ffae4e9507096000666a8636de64d9143ca2f4bd1fd15ebe912817c.css?body=1" for ::1 at 2023-11-29 13:43:51 +0000


Started GET "/assets/jquery_ujs.self-a6375ab2b275439c922ac52b02a475d288976458aa11a6e8103c925ef2961f66.js?body=1" for ::1 at 2023-11-29 13:43:51 +0000


Started GET "/assets/jquery.self-bd7ddd393353a8d2480a622e80342adf488fb6006d667e8b42e4c0073393abee.js?body=1" for ::1 at 2023-11-29 13:43:51 +0000


Started GET "/assets/application.self-377610cd7c1509e934744c810e3b4cf672dfbcacac3274e7d039827e2ae0fcc7.js?body=1" for ::1 at 2023-11-29 13:43:51 +0000


Started GET "/" for ::1 at 2023-11-29 13:45:03 +0000
  [1m[36mActiveRecord::SchemaMigration Load (0.1ms)[0m  [1mSELECT "schema_migrations".* FROM "schema_migrations"[0m
Processing by MoviesController#index as HTML
  [1m[35mMovie Load (0.2ms)[0m  SELECT "movies".* FROM "movies"
  Rendered movies/index.html.erb within layouts/application (7.9ms)
  Rendered layouts/_flash.erb (0.4ms)
Completed 200 OK in 267ms (Views: 264.6ms | ActiveRecord: 0.6ms)


Started GET "/assets/application.self-3138604e1ffae4e9507096000666a8636de64d9143ca2f4bd1fd15ebe912817c.css?body=1" for ::1 at 2023-11-29 13:45:03 +0000


Started GET "/assets/jquery.self-bd7ddd393353a8d2480a622e80342adf488fb6006d667e8b42e4c0073393abee.js?body=1" for ::1 at 2023-11-29 13:45:03 +0000


Started GET "/assets/jquery_ujs.self-a6375ab2b275439c922ac52b02a475d288976458aa11a6e8103c925ef2961f66.js?body=1" for ::1 at 2023-11-29 13:45:03 +0000


Started GET "/assets/application.self-377610cd7c1509e934744c810e3b4cf672dfbcacac3274e7d039827e2ae0fcc7.js?body=1" for ::1 at 2023-11-29 13:45:03 +0000


Started GET "/" for ::1 at 2023-11-29 13:45:53 +0000
  [1m[36mActiveRecord::SchemaMigration Load (0.1ms)[0m  [1mSELECT "schema_migrations".* FROM "schema_migrations"[0m
Processing by MoviesController#index as HTML
  [1m[35mMovie Load (0.7ms)[0m  SELECT "movies".* FROM "movies"
  Rendered movies/index.html.erb within layouts/application (14.5ms)
  Rendered layouts/_flash.erb (0.4ms)
Completed 200 OK in 464ms (Views: 460.9ms | ActiveRecord: 1.0ms)


Started GET "/assets/application.self-3138604e1ffae4e9507096000666a8636de64d9143ca2f4bd1fd15ebe912817c.css?body=1" for ::1 at 2023-11-29 13:45:54 +0000


Started GET "/assets/jquery.self-bd7ddd393353a8d2480a622e80342adf488fb6006d667e8b42e4c0073393abee.js?body=1" for ::1 at 2023-11-29 13:45:54 +0000


Started GET "/assets/application.self-377610cd7c1509e934744c810e3b4cf672dfbcacac3274e7d039827e2ae0fcc7.js?body=1" for ::1 at 2023-11-29 13:45:54 +0000


Started GET "/assets/jquery_ujs.self-a6375ab2b275439c922ac52b02a475d288976458aa11a6e8103c925ef2961f66.js?body=1" for ::1 at 2023-11-29 13:45:54 +0000


Started GET "/" for ::1 at 2023-11-29 13:47:41 +0000
  [1m[36mActiveRecord::SchemaMigration Load (0.1ms)[0m  [1mSELECT "schema_migrations".* FROM "schema_migrations"[0m
Processing by MoviesController#index as HTML
  [1m[35mMovie Load (0.2ms)[0m  SELECT "movies".* FROM "movies"
  Rendered movies/index.html.erb within layouts/application (16.5ms)
  Rendered layouts/_flash.erb (0.4ms)
Completed 200 OK in 347ms (Views: 338.2ms | ActiveRecord: 0.5ms)


Started GET "/assets/application.self-3138604e1ffae4e9507096000666a8636de64d9143ca2f4bd1fd15ebe912817c.css?body=1" for ::1 at 2023-11-29 13:47:41 +0000


Started GET "/assets/jquery.self-bd7ddd393353a8d2480a622e80342adf488fb6006d667e8b42e4c0073393abee.js?body=1" for ::1 at 2023-11-29 13:47:41 +0000


Started GET "/assets/jquery_ujs.self-a6375ab2b275439c922ac52b02a475d288976458aa11a6e8103c925ef2961f66.js?body=1" for ::1 at 2023-11-29 13:47:41 +0000


Started GET "/assets/application.self-377610cd7c1509e934744c810e3b4cf672dfbcacac3274e7d039827e2ae0fcc7.js?body=1" for ::1 at 2023-11-29 13:47:41 +0000


Started GET "/movies/new" for ::1 at 2023-11-29 13:47:50 +0000
Processing by MoviesController#new as HTML
  Rendered movies/new.html.erb within layouts/application (100.8ms)
  Rendered layouts/_flash.erb (0.1ms)
Completed 200 OK in 114ms (Views: 113.8ms | ActiveRecord: 0.0ms)


Started GET "/" for ::1 at 2023-11-29 13:48:26 +0000
  [1m[36mActiveRecord::SchemaMigration Load (0.1ms)[0m  [1mSELECT "schema_migrations".* FROM "schema_migrations"[0m
Processing by MoviesController#index as HTML
  [1m[35mMovie Load (0.5ms)[0m  SELECT "movies".* FROM "movies"
  Rendered movies/index.html.erb within layouts/application (24.0ms)
  Rendered layouts/_flash.erb (0.4ms)
Completed 200 OK in 380ms (Views: 377.0ms | ActiveRecord: 0.8ms)


Started GET "/assets/application.self-3138604e1ffae4e9507096000666a8636de64d9143ca2f4bd1fd15ebe912817c.css?body=1" for ::1 at 2023-11-29 13:48:27 +0000


Started GET "/assets/jquery.self-bd7ddd393353a8d2480a622e80342adf488fb6006d667e8b42e4c0073393abee.js?body=1" for ::1 at 2023-11-29 13:48:27 +0000


Started GET "/assets/application.self-377610cd7c1509e934744c810e3b4cf672dfbcacac3274e7d039827e2ae0fcc7.js?body=1" for ::1 at 2023-11-29 13:48:27 +0000


Started GET "/assets/jquery_ujs.self-a6375ab2b275439c922ac52b02a475d288976458aa11a6e8103c925ef2961f66.js?body=1" for ::1 at 2023-11-29 13:48:27 +0000
  [1m[36mMovie Load (0.8ms)[0m  [1mSELECT "movies".* FROM "movies"[0m
  [1m[35m (0.1ms)[0m  begin transaction
  [1m[36mSQL (0.5ms)[0m  [1mDELETE FROM "movies" WHERE "movies"."id" = ?[0m  [["id", 1]]
  [1m[35m (7.9ms)[0m  commit transaction
  [1m[36m (0.1ms)[0m  [1mbegin transaction[0m
  [1m[35mSQL (0.4ms)[0m  DELETE FROM "movies" WHERE "movies"."id" = ?  [["id", 2]]
  [1m[36m (10.6ms)[0m  [1mcommit transaction[0m
  [1m[35m (0.1ms)[0m  begin transaction
  [1m[36mSQL (0.6ms)[0m  [1mDELETE FROM "movies" WHERE "movies"."id" = ?[0m  [["id", 3]]
  [1m[35m (21.4ms)[0m  commit transaction
  [1m[36m (0.1ms)[0m  [1mbegin transaction[0m
  [1m[35mSQL (0.7ms)[0m  DELETE FROM "movies" WHERE "movies"."id" = ?  [["id", 4]]
  [1m[36m (9.4ms)[0m  [1mcommit transaction[0m
  [1m[35m (0.1ms)[0m  begin transaction
  [1m[36mSQL (0.7ms)[0m  [1mDELETE FROM "movies" WHERE "movies"."id" = ?[0m  [["id", 5]]
  [1m[35m (14.4ms)[0m  commit transaction
  [1m[36m (0.4ms)[0m  [1mbegin transaction[0m
  [1m[35mSQL (0.5ms)[0m  DELETE FROM "movies" WHERE "movies"."id" = ?  [["id", 6]]
  [1m[36m (17.6ms)[0m  [1mcommit transaction[0m
  [1m[35m (0.7ms)[0m  begin transaction
  [1m[36mSQL (0.1ms)[0m  [1mDELETE FROM "movies" WHERE "movies"."id" = ?[0m  [["id", 7]]
  [1m[35m (10.9ms)[0m  commit transaction
  [1m[36m (0.1ms)[0m  [1mbegin transaction[0m
  [1m[35mSQL (0.6ms)[0m  DELETE FROM "movies" WHERE "movies"."id" = ?  [["id", 8]]
  [1m[36m (9.9ms)[0m  [1mcommit transaction[0m
  [1m[35m (0.1ms)[0m  begin transaction
  [1m[36mSQL (0.6ms)[0m  [1mDELETE FROM "movies" WHERE "movies"."id" = ?[0m  [["id", 9]]
  [1m[35m (8.5ms)[0m  commit transaction
  [1m[36m (0.1ms)[0m  [1mbegin transaction[0m
  [1m[35mSQL (0.5ms)[0m  DELETE FROM "movies" WHERE "movies"."id" = ?  [["id", 10]]
  [1m[36m (40.3ms)[0m  [1mcommit transaction[0m
  [1m[35m (1.7ms)[0m  begin transaction
  [1m[36mSQL (2.0ms)[0m  [1mDELETE FROM "movies" WHERE "movies"."id" = ?[0m  [["id", 11]]
  [1m[35m (59.5ms)[0m  commit transaction
  [1m[36m (0.1ms)[0m  [1mbegin transaction[0m
  [1m[35mSQL (0.3ms)[0m  DELETE FROM "movies" WHERE "movies"."id" = ?  [["id", 12]]
  [1m[36m (14.5ms)[0m  [1mcommit transaction[0m
  [1m[35m (0.1ms)[0m  begin transaction
  [1m[36mSQL (0.1ms)[0m  [1mDELETE FROM "movies" WHERE "movies"."id" = ?[0m  [["id", 13]]
  [1m[35m (10.2ms)[0m  commit transaction
  [1m[36m (0.1ms)[0m  [1mbegin transaction[0m
  [1m[35mSQL (13.4ms)[0m  DELETE FROM "movies" WHERE "movies"."id" = ?  [["id", 14]]
  [1m[36m (9.1ms)[0m  [1mcommit transaction[0m
  [1m[35m (0.1ms)[0m  begin transaction
  [1m[36mSQL (0.7ms)[0m  [1mDELETE FROM "movies" WHERE "movies"."id" = ?[0m  [["id", 15]]
  [1m[35m (9.8ms)[0m  commit transaction
  [1m[36m (0.1ms)[0m  [1mbegin transaction[0m
  [1m[35mSQL (0.4ms)[0m  DELETE FROM "movies" WHERE "movies"."id" = ?  [["id", 16]]
  [1m[36m (7.9ms)[0m  [1mcommit transaction[0m
  [1m[35m (0.0ms)[0m  begin transaction
  [1m[36mSQL (0.5ms)[0m  [1mDELETE FROM "movies" WHERE "movies"."id" = ?[0m  [["id", 17]]
  [1m[35m (20.4ms)[0m  commit transaction
  [1m[36m (0.1ms)[0m  [1mbegin transaction[0m
  [1m[35mSQL (0.4ms)[0m  DELETE FROM "movies" WHERE "movies"."id" = ?  [["id", 18]]
  [1m[36m (7.3ms)[0m  [1mcommit transaction[0m
  [1m[35m (0.0ms)[0m  begin transaction
  [1m[36mSQL (0.2ms)[0m  [1mDELETE FROM "movies" WHERE "movies"."id" = ?[0m  [["id", 19]]
  [1m[35m (6.5ms)[0m  commit transaction
  [1m[36m (0.0ms)[0m  [1mbegin transaction[0m
  [1m[35mSQL (0.5ms)[0m  DELETE FROM "movies" WHERE "movies"."id" = ?  [["id", 20]]
  [1m[36m (7.5ms)[0m  [1mcommit transaction[0m


Started GET "/" for ::1 at 2023-11-29 13:49:58 +0000
  [1m[36mActiveRecord::SchemaMigration Load (0.4ms)[0m  [1mSELECT "schema_migrations".* FROM "schema_migrations"[0m
Processing by MoviesController#index as HTML
  [1m[35mMovie Load (0.2ms)[0m  SELECT "movies".* FROM "movies"
  Rendered movies/index.html.erb within layouts/application (3.0ms)
  Rendered layouts/_flash.erb (0.4ms)
Completed 200 OK in 272ms (Views: 269.7ms | ActiveRecord: 0.3ms)


Started GET "/assets/application.self-3138604e1ffae4e9507096000666a8636de64d9143ca2f4bd1fd15ebe912817c.css?body=1" for ::1 at 2023-11-29 13:49:59 +0000


Started GET "/assets/application.self-377610cd7c1509e934744c810e3b4cf672dfbcacac3274e7d039827e2ae0fcc7.js?body=1" for ::1 at 2023-11-29 13:49:59 +0000


Started GET "/assets/jquery_ujs.self-a6375ab2b275439c922ac52b02a475d288976458aa11a6e8103c925ef2961f66.js?body=1" for ::1 at 2023-11-29 13:49:59 +0000


Started GET "/assets/jquery.self-bd7ddd393353a8d2480a622e80342adf488fb6006d667e8b42e4c0073393abee.js?body=1" for ::1 at 2023-11-29 13:49:59 +0000
  [1m[36mActiveRecord::SchemaMigration Load (0.1ms)[0m  [1mSELECT "schema_migrations".* FROM "schema_migrations"[0m
  [1m[35m (0.0ms)[0m  begin transaction
  [1m[36mSQL (0.8ms)[0m  [1mINSERT INTO "movies" ("title", "rating", "release_date", "created_at", "updated_at") VALUES (?, ?, ?, ?, ?)[0m  [["title", "Aladdin"], ["rating", "G"], ["release_date", "1992-11-25 00:00:00.000000"], ["created_at", "2023-11-29 13:51:53.834017"], ["updated_at", "2023-11-29 13:51:53.834017"]]
  [1m[35m (5.5ms)[0m  commit transaction
  [1m[36m (0.0ms)[0m  [1mbegin transaction[0m
  [1m[35mSQL (0.2ms)[0m  INSERT INTO "movies" ("title", "rating", "release_date", "created_at", "updated_at") VALUES (?, ?, ?, ?, ?)  [["title", "The Terminator"], ["rating", "R"], ["release_date", "1984-10-26 00:00:00.000000"], ["created_at", "2023-11-29 13:51:53.841817"], ["updated_at", "2023-11-29 13:51:53.841817"]]
  [1m[36m (5.3ms)[0m  [1mcommit transaction[0m
  [1m[35m (0.0ms)[0m  begin transaction
  [1m[36mSQL (0.2ms)[0m  [1mINSERT INTO "movies" ("title", "rating", "release_date", "created_at", "updated_at") VALUES (?, ?, ?, ?, ?)[0m  [["title", "When Harry Met Sally"], ["rating", "R"], ["release_date", "1989-07-21 00:00:00.000000"], ["created_at", "2023-11-29 13:51:53.848380"], ["updated_at", "2023-11-29 13:51:53.848380"]]
  [1m[35m (5.0ms)[0m  commit transaction
  [1m[36m (0.0ms)[0m  [1mbegin transaction[0m
  [1m[35mSQL (0.2ms)[0m  INSERT INTO "movies" ("title", "rating", "release_date", "created_at", "updated_at") VALUES (?, ?, ?, ?, ?)  [["title", "The Help"], ["rating", "PG-13"], ["release_date", "2011-08-10 00:00:00.000000"], ["created_at", "2023-11-29 13:51:53.854616"], ["updated_at", "2023-11-29 13:51:53.854616"]]
  [1m[36m (5.3ms)[0m  [1mcommit transaction[0m
  [1m[35m (0.0ms)[0m  begin transaction
  [1m[36mSQL (0.2ms)[0m  [1mINSERT INTO "movies" ("title", "rating", "release_date", "created_at", "updated_at") VALUES (?, ?, ?, ?, ?)[0m  [["title", "Chocolat"], ["rating", "PG-13"], ["release_date", "2001-01-05 00:00:00.000000"], ["created_at", "2023-11-29 13:51:53.861002"], ["updated_at", "2023-11-29 13:51:53.861002"]]
  [1m[35m (5.3ms)[0m  commit transaction
  [1m[36m (0.0ms)[0m  [1mbegin transaction[0m
  [1m[35mSQL (0.2ms)[0m  INSERT INTO "movies" ("title", "rating", "release_date", "created_at", "updated_at") VALUES (?, ?, ?, ?, ?)  [["title", "Amelie"], ["rating", "R"], ["release_date", "2001-04-25 00:00:00.000000"], ["created_at", "2023-11-29 13:51:53.867460"], ["updated_at", "2023-11-29 13:51:53.867460"]]
  [1m[36m (5.8ms)[0m  [1mcommit transaction[0m
  [1m[35m (0.0ms)[0m  begin transaction
  [1m[36mSQL (0.4ms)[0m  [1mINSERT INTO "movies" ("title", "rating", "release_date", "created_at", "updated_at") VALUES (?, ?, ?, ?, ?)[0m  [["title", "2001: A Space Odyssey"], ["rating", "G"], ["release_date", "1968-04-06 00:00:00.000000"], ["created_at", "2023-11-29 13:51:53.874591"], ["updated_at", "2023-11-29 13:51:53.874591"]]
  [1m[35m (5.2ms)[0m  commit transaction
  [1m[36m (0.0ms)[0m  [1mbegin transaction[0m
  [1m[35mSQL (0.2ms)[0m  INSERT INTO "movies" ("title", "rating", "release_date", "created_at", "updated_at") VALUES (?, ?, ?, ?, ?)  [["title", "The Incredibles"], ["rating", "PG"], ["release_date", "2004-11-05 00:00:00.000000"], ["created_at", "2023-11-29 13:51:53.881469"], ["updated_at", "2023-11-29 13:51:53.881469"]]
  [1m[36m (4.9ms)[0m  [1mcommit transaction[0m
  [1m[35m (0.0ms)[0m  begin transaction
  [1m[36mSQL (0.2ms)[0m  [1mINSERT INTO "movies" ("title", "rating", "release_date", "created_at", "updated_at") VALUES (?, ?, ?, ?, ?)[0m  [["title", "Raiders of the Lost Ark"], ["rating", "PG"], ["release_date", "1981-06-12 00:00:00.000000"], ["created_at", "2023-11-29 13:51:53.887529"], ["updated_at", "2023-11-29 13:51:53.887529"]]
  [1m[35m (5.1ms)[0m  commit transaction
  [1m[36m (0.0ms)[0m  [1mbegin transaction[0m
  [1m[35mSQL (0.2ms)[0m  INSERT INTO "movies" ("title", "rating", "release_date", "created_at", "updated_at") VALUES (?, ?, ?, ?, ?)  [["title", "Chicken Run"], ["rating", "G"], ["release_date", "2000-06-21 00:00:00.000000"], ["created_at", "2023-11-29 13:51:53.893732"], ["updated_at", "2023-11-29 13:51:53.893732"]]
  [1m[36m (6.3ms)[0m  [1mcommit transaction[0m


Started GET "/" for ::1 at 2023-11-29 13:52:02 +0000
  [1m[36mActiveRecord::SchemaMigration Load (0.1ms)[0m  [1mSELECT "schema_migrations".* FROM "schema_migrations"[0m
Processing by MoviesController#index as HTML
  [1m[35mMovie Load (0.2ms)[0m  SELECT "movies".* FROM "movies"
  Rendered movies/index.html.erb within layouts/application (11.6ms)
  Rendered layouts/_flash.erb (0.3ms)
Completed 200 OK in 318ms (Views: 308.3ms | ActiveRecord: 0.9ms)


Started GET "/assets/application.self-3138604e1ffae4e9507096000666a8636de64d9143ca2f4bd1fd15ebe912817c.css?body=1" for ::1 at 2023-11-29 13:52:02 +0000


Started GET "/assets/jquery.self-bd7ddd393353a8d2480a622e80342adf488fb6006d667e8b42e4c0073393abee.js?body=1" for ::1 at 2023-11-29 13:52:02 +0000


Started GET "/assets/jquery_ujs.self-a6375ab2b275439c922ac52b02a475d288976458aa11a6e8103c925ef2961f66.js?body=1" for ::1 at 2023-11-29 13:52:02 +0000


Started GET "/assets/application.self-377610cd7c1509e934744c810e3b4cf672dfbcacac3274e7d039827e2ae0fcc7.js?body=1" for ::1 at 2023-11-29 13:52:02 +0000


Started GET "/" for ::1 at 2023-11-29 13:52:24 +0000
  [1m[36mActiveRecord::SchemaMigration Load (0.3ms)[0m  [1mSELECT "schema_migrations".* FROM "schema_migrations"[0m
Processing by MoviesController#index as HTML
  [1m[35mMovie Load (0.2ms)[0m  SELECT "movies".* FROM "movies"
  Rendered movies/index.html.erb within layouts/application (14.5ms)
  Rendered layouts/_flash.erb (0.5ms)
Completed 200 OK in 388ms (Views: 378.9ms | ActiveRecord: 0.7ms)


Started GET "/assets/application.self-3138604e1ffae4e9507096000666a8636de64d9143ca2f4bd1fd15ebe912817c.css?body=1" for ::1 at 2023-11-29 13:52:25 +0000


Started GET "/assets/jquery.self-bd7ddd393353a8d2480a622e80342adf488fb6006d667e8b42e4c0073393abee.js?body=1" for ::1 at 2023-11-29 13:52:25 +0000


Started GET "/assets/jquery_ujs.self-a6375ab2b275439c922ac52b02a475d288976458aa11a6e8103c925ef2961f66.js?body=1" for ::1 at 2023-11-29 13:52:25 +0000


Started GET "/assets/application.self-377610cd7c1509e934744c810e3b4cf672dfbcacac3274e7d039827e2ae0fcc7.js?body=1" for ::1 at 2023-11-29 13:52:25 +0000


Started GET "/" for ::1 at 2023-11-29 14:00:02 +0000
  [1m[36mActiveRecord::SchemaMigration Load (0.1ms)[0m  [1mSELECT "schema_migrations".* FROM "schema_migrations"[0m
Processing by MoviesController#index as HTML
  [1m[35mMovie Load (0.2ms)[0m  SELECT "movies".* FROM "movies"
  Rendered movies/index.html.erb within layouts/application (18.3ms)
  Rendered layouts/_flash.erb (0.4ms)
Completed 200 OK in 357ms (Views: 351.5ms | ActiveRecord: 0.4ms)


Started GET "/assets/application.self-902dd929b715cf6e5720a2d7526e2d308518008be94aa5925a3f28029bd84841.css?body=1" for ::1 at 2023-11-29 14:00:03 +0000


Started GET "/assets/jquery.self-bd7ddd393353a8d2480a622e80342adf488fb6006d667e8b42e4c0073393abee.js?body=1" for ::1 at 2023-11-29 14:00:03 +0000


Started GET "/assets/application.self-377610cd7c1509e934744c810e3b4cf672dfbcacac3274e7d039827e2ae0fcc7.js?body=1" for ::1 at 2023-11-29 14:00:03 +0000


Started GET "/assets/jquery_ujs.self-a6375ab2b275439c922ac52b02a475d288976458aa11a6e8103c925ef2961f66.js?body=1" for ::1 at 2023-11-29 14:00:03 +0000


Started GET "/movies/new" for ::1 at 2023-11-29 14:05:34 +0000
  [1m[36mActiveRecord::SchemaMigration Load (0.1ms)[0m  [1mSELECT "schema_migrations".* FROM "schema_migrations"[0m
Processing by MoviesController#new as HTML
  Rendered movies/new.html.erb within layouts/application (42.7ms)
  Rendered layouts/_flash.erb (0.6ms)
Completed 200 OK in 241ms (Views: 240.3ms | ActiveRecord: 0.0ms)


Started GET "/assets/jquery.self-bd7ddd393353a8d2480a622e80342adf488fb6006d667e8b42e4c0073393abee.js?body=1" for ::1 at 2023-11-29 14:05:34 +0000


Started GET "/assets/application.self-902dd929b715cf6e5720a2d7526e2d308518008be94aa5925a3f28029bd84841.css?body=1" for ::1 at 2023-11-29 14:05:34 +0000


Started GET "/assets/jquery_ujs.self-a6375ab2b275439c922ac52b02a475d288976458aa11a6e8103c925ef2961f66.js?body=1" for ::1 at 2023-11-29 14:05:34 +0000


Started GET "/assets/application.self-377610cd7c1509e934744c810e3b4cf672dfbcacac3274e7d039827e2ae0fcc7.js?body=1" for ::1 at 2023-11-29 14:05:35 +0000


Started GET "/" for ::1 at 2023-11-29 14:05:39 +0000
Processing by MoviesController#index as HTML
  [1m[35mMovie Load (0.2ms)[0m  SELECT "movies".* FROM "movies"
  Rendered movies/index.html.erb within layouts/application (1.6ms)
  Rendered layouts/_flash.erb (0.1ms)
Completed 200 OK in 64ms (Views: 10.6ms | ActiveRecord: 0.5ms)
